[11-Nov-2024 14:04:54 Europe/Berlin] PHP Warning:  require_once(C:\xampp\htdocs\ArgaoChurch\View\PageStaff/../Controller/phpmailer/src/PHPMailer.php): Failed to open stream: No such file or directory in C:\xampp\htdocs\ArgaoChurch\View\PageStaff\StaffAppointment.php on line 12
[11-Nov-2024 14:04:54 Europe/Berlin] PHP Fatal error:  Uncaught Error: Failed opening required 'C:\xampp\htdocs\ArgaoChurch\View\PageStaff/../Controller/phpmailer/src/PHPMailer.php' (include_path='C:\xampp\php\PEAR') in C:\xampp\htdocs\ArgaoChurch\View\PageStaff\StaffAppointment.php:12
Stack trace:
#0 {main}
  thrown in C:\xampp\htdocs\ArgaoChurch\View\PageStaff\StaffAppointment.php on line 12
[11-Nov-2024 14:05:00 Europe/Berlin] PHP Warning:  require_once(C:\xampp\htdocs\ArgaoChurch\View\PageStaff/../Controller/phpmailer/src/PHPMailer.php): Failed to open stream: No such file or directory in C:\xampp\htdocs\ArgaoChurch\View\PageStaff\StaffAppointment.php on line 12
[11-Nov-2024 14:05:00 Europe/Berlin] PHP Fatal error:  Uncaught Error: Failed opening required 'C:\xampp\htdocs\ArgaoChurch\View\PageStaff/../Controller/phpmailer/src/PHPMailer.php' (include_path='C:\xampp\php\PEAR') in C:\xampp\htdocs\ArgaoChurch\View\PageStaff\StaffAppointment.php:12
Stack trace:
#0 {main}
  thrown in C:\xampp\htdocs\ArgaoChurch\View\PageStaff\StaffAppointment.php on line 12
[11-Nov-2024 14:05:02 Europe/Berlin] PHP Warning:  require_once(C:\xampp\htdocs\ArgaoChurch\View\PageStaff/../Controller/phpmailer/src/PHPMailer.php): Failed to open stream: No such file or directory in C:\xampp\htdocs\ArgaoChurch\View\PageStaff\StaffAppointment.php on line 12
[11-Nov-2024 14:05:02 Europe/Berlin] PHP Fatal error:  Uncaught Error: Failed opening required 'C:\xampp\htdocs\ArgaoChurch\View\PageStaff/../Controller/phpmailer/src/PHPMailer.php' (include_path='C:\xampp\php\PEAR') in C:\xampp\htdocs\ArgaoChurch\View\PageStaff\StaffAppointment.php:12
Stack trace:
#0 {main}
  thrown in C:\xampp\htdocs\ArgaoChurch\View\PageStaff\StaffAppointment.php on line 12
[11-Nov-2024 14:05:06 Europe/Berlin] PHP Warning:  require_once(C:\xampp\htdocs\ArgaoChurch\View\PageStaff/../Controller/phpmailer/src/PHPMailer.php): Failed to open stream: No such file or directory in C:\xampp\htdocs\ArgaoChurch\View\PageStaff\StaffAppointment.php on line 12
[11-Nov-2024 14:05:06 Europe/Berlin] PHP Fatal error:  Uncaught Error: Failed opening required 'C:\xampp\htdocs\ArgaoChurch\View\PageStaff/../Controller/phpmailer/src/PHPMailer.php' (include_path='C:\xampp\php\PEAR') in C:\xampp\htdocs\ArgaoChurch\View\PageStaff\StaffAppointment.php:12
Stack trace:
#0 {main}
  thrown in C:\xampp\htdocs\ArgaoChurch\View\PageStaff\StaffAppointment.php on line 12
[11-Nov-2024 14:05:09 Europe/Berlin] PHP Warning:  require_once(C:\xampp\htdocs\ArgaoChurch\View\PageStaff/../Controller/phpmailer/src/PHPMailer.php): Failed to open stream: No such file or directory in C:\xampp\htdocs\ArgaoChurch\View\PageStaff\StaffAppointment.php on line 12
[11-Nov-2024 14:05:09 Europe/Berlin] PHP Fatal error:  Uncaught Error: Failed opening required 'C:\xampp\htdocs\ArgaoChurch\View\PageStaff/../Controller/phpmailer/src/PHPMailer.php' (include_path='C:\xampp\php\PEAR') in C:\xampp\htdocs\ArgaoChurch\View\PageStaff\StaffAppointment.php:12
Stack trace:
#0 {main}
  thrown in C:\xampp\htdocs\ArgaoChurch\View\PageStaff\StaffAppointment.php on line 12
[11-Nov-2024 14:27:00 Europe/Berlin] PHP Deprecated:  Optional parameter $eventType declared before required parameter $regId is implicitly treated as a required parameter in C:\xampp\htdocs\ArgaoChurch\Model\citizen_mod.php on line 410
[11-Nov-2024 14:27:00 Europe/Berlin] PHP Deprecated:  Optional parameter $eventType declared before required parameter $regId is implicitly treated as a required parameter in C:\xampp\htdocs\ArgaoChurch\Model\citizen_mod.php on line 1314
[11-Nov-2024 14:27:00 Europe/Berlin] PHP Deprecated:  Optional parameter $eventType declared before required parameter $regId is implicitly treated as a required parameter in C:\xampp\htdocs\ArgaoChurch\Model\citizen_mod.php on line 1741
[11-Nov-2024 14:30:13 Europe/Berlin] PHP Deprecated:  Optional parameter $eventType declared before required parameter $regId is implicitly treated as a required parameter in C:\xampp\htdocs\ArgaoChurch\Model\citizen_mod.php on line 410
[11-Nov-2024 14:30:13 Europe/Berlin] PHP Deprecated:  Optional parameter $eventType declared before required parameter $regId is implicitly treated as a required parameter in C:\xampp\htdocs\ArgaoChurch\Model\citizen_mod.php on line 1314
[11-Nov-2024 14:30:13 Europe/Berlin] PHP Deprecated:  Optional parameter $eventType declared before required parameter $regId is implicitly treated as a required parameter in C:\xampp\htdocs\ArgaoChurch\Model\citizen_mod.php on line 1741
[11-Nov-2024 14:30:25 Europe/Berlin] PHP Deprecated:  Optional parameter $eventType declared before required parameter $regId is implicitly treated as a required parameter in C:\xampp\htdocs\ArgaoChurch\Model\citizen_mod.php on line 410
[11-Nov-2024 14:30:25 Europe/Berlin] PHP Deprecated:  Optional parameter $eventType declared before required parameter $regId is implicitly treated as a required parameter in C:\xampp\htdocs\ArgaoChurch\Model\citizen_mod.php on line 1314
[11-Nov-2024 14:30:25 Europe/Berlin] PHP Deprecated:  Optional parameter $eventType declared before required parameter $regId is implicitly treated as a required parameter in C:\xampp\htdocs\ArgaoChurch\Model\citizen_mod.php on line 1741
[11-Nov-2024 14:30:44 Europe/Berlin] PHP Deprecated:  Optional parameter $eventType declared before required parameter $regId is implicitly treated as a required parameter in C:\xampp\htdocs\ArgaoChurch\Model\citizen_mod.php on line 410
[11-Nov-2024 14:30:44 Europe/Berlin] PHP Deprecated:  Optional parameter $eventType declared before required parameter $regId is implicitly treated as a required parameter in C:\xampp\htdocs\ArgaoChurch\Model\citizen_mod.php on line 1314
[11-Nov-2024 14:30:44 Europe/Berlin] PHP Deprecated:  Optional parameter $eventType declared before required parameter $regId is implicitly treated as a required parameter in C:\xampp\htdocs\ArgaoChurch\Model\citizen_mod.php on line 1741
[11-Nov-2024 14:32:22 Europe/Berlin] PHP Deprecated:  Optional parameter $eventType declared before required parameter $regId is implicitly treated as a required parameter in C:\xampp\htdocs\ArgaoChurch\Model\citizen_mod.php on line 410
[11-Nov-2024 14:32:22 Europe/Berlin] PHP Deprecated:  Optional parameter $eventType declared before required parameter $regId is implicitly treated as a required parameter in C:\xampp\htdocs\ArgaoChurch\Model\citizen_mod.php on line 1314
[11-Nov-2024 14:32:22 Europe/Berlin] PHP Deprecated:  Optional parameter $eventType declared before required parameter $regId is implicitly treated as a required parameter in C:\xampp\htdocs\ArgaoChurch\Model\citizen_mod.php on line 1741
[11-Nov-2024 14:33:55 Europe/Berlin] PHP Deprecated:  Optional parameter $eventType declared before required parameter $regId is implicitly treated as a required parameter in C:\xampp\htdocs\ArgaoChurch\Model\citizen_mod.php on line 410
[11-Nov-2024 14:33:55 Europe/Berlin] PHP Deprecated:  Optional parameter $eventType declared before required parameter $regId is implicitly treated as a required parameter in C:\xampp\htdocs\ArgaoChurch\Model\citizen_mod.php on line 1314
[11-Nov-2024 14:33:55 Europe/Berlin] PHP Deprecated:  Optional parameter $eventType declared before required parameter $regId is implicitly treated as a required parameter in C:\xampp\htdocs\ArgaoChurch\Model\citizen_mod.php on line 1741
[11-Nov-2024 14:34:09 Europe/Berlin] PHP Deprecated:  Optional parameter $eventType declared before required parameter $regId is implicitly treated as a required parameter in C:\xampp\htdocs\ArgaoChurch\Model\citizen_mod.php on line 410
[11-Nov-2024 14:34:09 Europe/Berlin] PHP Deprecated:  Optional parameter $eventType declared before required parameter $regId is implicitly treated as a required parameter in C:\xampp\htdocs\ArgaoChurch\Model\citizen_mod.php on line 1314
[11-Nov-2024 14:34:09 Europe/Berlin] PHP Deprecated:  Optional parameter $eventType declared before required parameter $regId is implicitly treated as a required parameter in C:\xampp\htdocs\ArgaoChurch\Model\citizen_mod.php on line 1741
[11-Nov-2024 14:37:17 Europe/Berlin] PHP Deprecated:  Optional parameter $eventType declared before required parameter $regId is implicitly treated as a required parameter in C:\xampp\htdocs\ArgaoChurch\Model\citizen_mod.php on line 410
[11-Nov-2024 14:37:17 Europe/Berlin] PHP Deprecated:  Optional parameter $eventType declared before required parameter $regId is implicitly treated as a required parameter in C:\xampp\htdocs\ArgaoChurch\Model\citizen_mod.php on line 1314
[11-Nov-2024 14:37:17 Europe/Berlin] PHP Deprecated:  Optional parameter $eventType declared before required parameter $regId is implicitly treated as a required parameter in C:\xampp\htdocs\ArgaoChurch\Model\citizen_mod.php on line 1741
[11-Nov-2024 14:40:27 Europe/Berlin] PHP Deprecated:  Optional parameter $eventType declared before required parameter $regId is implicitly treated as a required parameter in C:\xampp\htdocs\ArgaoChurch\Model\citizen_mod.php on line 410
[11-Nov-2024 14:40:27 Europe/Berlin] PHP Deprecated:  Optional parameter $eventType declared before required parameter $regId is implicitly treated as a required parameter in C:\xampp\htdocs\ArgaoChurch\Model\citizen_mod.php on line 1314
[11-Nov-2024 14:40:27 Europe/Berlin] PHP Deprecated:  Optional parameter $eventType declared before required parameter $regId is implicitly treated as a required parameter in C:\xampp\htdocs\ArgaoChurch\Model\citizen_mod.php on line 1741
[11-Nov-2024 14:44:26 Europe/Berlin] PHP Deprecated:  Optional parameter $eventType declared before required parameter $regId is implicitly treated as a required parameter in C:\xampp\htdocs\ArgaoChurch\Model\citizen_mod.php on line 410
[11-Nov-2024 14:44:26 Europe/Berlin] PHP Deprecated:  Optional parameter $eventType declared before required parameter $regId is implicitly treated as a required parameter in C:\xampp\htdocs\ArgaoChurch\Model\citizen_mod.php on line 1314
[11-Nov-2024 14:44:26 Europe/Berlin] PHP Deprecated:  Optional parameter $eventType declared before required parameter $regId is implicitly treated as a required parameter in C:\xampp\htdocs\ArgaoChurch\Model\citizen_mod.php on line 1741
[11-Nov-2024 14:44:27 Europe/Berlin] PHP Deprecated:  Optional parameter $eventType declared before required parameter $regId is implicitly treated as a required parameter in C:\xampp\htdocs\ArgaoChurch\Model\citizen_mod.php on line 410
[11-Nov-2024 14:44:27 Europe/Berlin] PHP Deprecated:  Optional parameter $eventType declared before required parameter $regId is implicitly treated as a required parameter in C:\xampp\htdocs\ArgaoChurch\Model\citizen_mod.php on line 1314
[11-Nov-2024 14:44:27 Europe/Berlin] PHP Deprecated:  Optional parameter $eventType declared before required parameter $regId is implicitly treated as a required parameter in C:\xampp\htdocs\ArgaoChurch\Model\citizen_mod.php on line 1741
[11-Nov-2024 14:45:11 Europe/Berlin] PHP Deprecated:  Optional parameter $eventType declared before required parameter $regId is implicitly treated as a required parameter in C:\xampp\htdocs\ArgaoChurch\Model\citizen_mod.php on line 410
[11-Nov-2024 14:45:11 Europe/Berlin] PHP Deprecated:  Optional parameter $eventType declared before required parameter $regId is implicitly treated as a required parameter in C:\xampp\htdocs\ArgaoChurch\Model\citizen_mod.php on line 1314
[11-Nov-2024 14:45:11 Europe/Berlin] PHP Deprecated:  Optional parameter $eventType declared before required parameter $regId is implicitly treated as a required parameter in C:\xampp\htdocs\ArgaoChurch\Model\citizen_mod.php on line 1741
[11-Nov-2024 14:45:49 Europe/Berlin] PHP Deprecated:  Optional parameter $eventType declared before required parameter $regId is implicitly treated as a required parameter in C:\xampp\htdocs\ArgaoChurch\Model\citizen_mod.php on line 410
[11-Nov-2024 14:45:49 Europe/Berlin] PHP Deprecated:  Optional parameter $eventType declared before required parameter $regId is implicitly treated as a required parameter in C:\xampp\htdocs\ArgaoChurch\Model\citizen_mod.php on line 1314
[11-Nov-2024 14:45:49 Europe/Berlin] PHP Deprecated:  Optional parameter $eventType declared before required parameter $regId is implicitly treated as a required parameter in C:\xampp\htdocs\ArgaoChurch\Model\citizen_mod.php on line 1741
[11-Nov-2024 14:45:55 Europe/Berlin] PHP Deprecated:  Optional parameter $eventType declared before required parameter $regId is implicitly treated as a required parameter in C:\xampp\htdocs\ArgaoChurch\Model\citizen_mod.php on line 410
[11-Nov-2024 14:45:55 Europe/Berlin] PHP Deprecated:  Optional parameter $eventType declared before required parameter $regId is implicitly treated as a required parameter in C:\xampp\htdocs\ArgaoChurch\Model\citizen_mod.php on line 1314
[11-Nov-2024 14:45:55 Europe/Berlin] PHP Deprecated:  Optional parameter $eventType declared before required parameter $regId is implicitly treated as a required parameter in C:\xampp\htdocs\ArgaoChurch\Model\citizen_mod.php on line 1741
[11-Nov-2024 14:47:29 Europe/Berlin] PHP Deprecated:  Optional parameter $eventType declared before required parameter $regId is implicitly treated as a required parameter in C:\xampp\htdocs\ArgaoChurch\Model\citizen_mod.php on line 410
[11-Nov-2024 14:47:29 Europe/Berlin] PHP Deprecated:  Optional parameter $eventType declared before required parameter $regId is implicitly treated as a required parameter in C:\xampp\htdocs\ArgaoChurch\Model\citizen_mod.php on line 1314
[11-Nov-2024 14:47:29 Europe/Berlin] PHP Deprecated:  Optional parameter $eventType declared before required parameter $regId is implicitly treated as a required parameter in C:\xampp\htdocs\ArgaoChurch\Model\citizen_mod.php on line 1741
[11-Nov-2024 14:47:29 Europe/Berlin] PHP Deprecated:  Optional parameter $eventType declared before required parameter $regId is implicitly treated as a required parameter in C:\xampp\htdocs\ArgaoChurch\Model\citizen_mod.php on line 410
[11-Nov-2024 14:47:29 Europe/Berlin] PHP Deprecated:  Optional parameter $eventType declared before required parameter $regId is implicitly treated as a required parameter in C:\xampp\htdocs\ArgaoChurch\Model\citizen_mod.php on line 1314
[11-Nov-2024 14:47:29 Europe/Berlin] PHP Deprecated:  Optional parameter $eventType declared before required parameter $regId is implicitly treated as a required parameter in C:\xampp\htdocs\ArgaoChurch\Model\citizen_mod.php on line 1741
[11-Nov-2024 14:48:13 Europe/Berlin] PHP Deprecated:  Optional parameter $eventType declared before required parameter $regId is implicitly treated as a required parameter in C:\xampp\htdocs\ArgaoChurch\Model\citizen_mod.php on line 410
[11-Nov-2024 14:48:13 Europe/Berlin] PHP Deprecated:  Optional parameter $eventType declared before required parameter $regId is implicitly treated as a required parameter in C:\xampp\htdocs\ArgaoChurch\Model\citizen_mod.php on line 1314
[11-Nov-2024 14:48:13 Europe/Berlin] PHP Deprecated:  Optional parameter $eventType declared before required parameter $regId is implicitly treated as a required parameter in C:\xampp\htdocs\ArgaoChurch\Model\citizen_mod.php on line 1741
[11-Nov-2024 14:48:15 Europe/Berlin] PHP Deprecated:  Optional parameter $eventType declared before required parameter $regId is implicitly treated as a required parameter in C:\xampp\htdocs\ArgaoChurch\Model\citizen_mod.php on line 410
[11-Nov-2024 14:48:15 Europe/Berlin] PHP Deprecated:  Optional parameter $eventType declared before required parameter $regId is implicitly treated as a required parameter in C:\xampp\htdocs\ArgaoChurch\Model\citizen_mod.php on line 1314
[11-Nov-2024 14:48:15 Europe/Berlin] PHP Deprecated:  Optional parameter $eventType declared before required parameter $regId is implicitly treated as a required parameter in C:\xampp\htdocs\ArgaoChurch\Model\citizen_mod.php on line 1741
[11-Nov-2024 14:48:27 Europe/Berlin] PHP Deprecated:  Optional parameter $eventType declared before required parameter $regId is implicitly treated as a required parameter in C:\xampp\htdocs\ArgaoChurch\Model\citizen_mod.php on line 410
[11-Nov-2024 14:48:27 Europe/Berlin] PHP Deprecated:  Optional parameter $eventType declared before required parameter $regId is implicitly treated as a required parameter in C:\xampp\htdocs\ArgaoChurch\Model\citizen_mod.php on line 1314
[11-Nov-2024 14:48:27 Europe/Berlin] PHP Deprecated:  Optional parameter $eventType declared before required parameter $regId is implicitly treated as a required parameter in C:\xampp\htdocs\ArgaoChurch\Model\citizen_mod.php on line 1741
[11-Nov-2024 15:19:57 Europe/Berlin] PHP Warning:  Undefined variable $email in C:\xampp\htdocs\ArgaoChurch\View\PageStaff\header.php on line 311
[11-Nov-2024 15:20:04 Europe/Berlin] PHP Warning:  Undefined variable $email in C:\xampp\htdocs\ArgaoChurch\View\PageStaff\header.php on line 311
[11-Nov-2024 15:20:38 Europe/Berlin] PHP Warning:  Undefined variable $email in C:\xampp\htdocs\ArgaoChurch\View\PageStaff\header.php on line 311
[11-Nov-2024 15:26:26 Europe/Berlin] PHP Warning:  Undefined variable $email in C:\xampp\htdocs\ArgaoChurch\View\PageStaff\header.php on line 311
[11-Nov-2024 15:26:30 Europe/Berlin] PHP Warning:  Undefined variable $email in C:\xampp\htdocs\ArgaoChurch\View\PageStaff\header.php on line 311
[11-Nov-2024 15:27:30 Europe/Berlin] PHP Warning:  Undefined variable $email in C:\xampp\htdocs\ArgaoChurch\View\PageStaff\header.php on line 311
[11-Nov-2024 15:29:11 Europe/Berlin] PHP Warning:  Undefined variable $email in C:\xampp\htdocs\ArgaoChurch\View\PageStaff\header.php on line 311
[11-Nov-2024 15:29:15 Europe/Berlin] PHP Warning:  Undefined variable $email in C:\xampp\htdocs\ArgaoChurch\View\PageStaff\header.php on line 311
[11-Nov-2024 15:29:36 Europe/Berlin] PHP Warning:  Undefined variable $email in C:\xampp\htdocs\ArgaoChurch\View\PageStaff\header.php on line 311
[11-Nov-2024 15:30:04 Europe/Berlin] PHP Warning:  Undefined variable $email in C:\xampp\htdocs\ArgaoChurch\View\PageStaff\header.php on line 311
[11-Nov-2024 15:30:09 Europe/Berlin] PHP Warning:  Undefined variable $email in C:\xampp\htdocs\ArgaoChurch\View\PageStaff\header.php on line 311
[11-Nov-2024 15:30:35 Europe/Berlin] PHP Warning:  Undefined variable $email in C:\xampp\htdocs\ArgaoChurch\View\PageStaff\header.php on line 311
[11-Nov-2024 16:04:38 Europe/Berlin] PHP Deprecated:  Optional parameter $eventType declared before required parameter $regId is implicitly treated as a required parameter in C:\xampp\htdocs\ArgaoChurch\Model\citizen_mod.php on line 410
[11-Nov-2024 16:04:38 Europe/Berlin] PHP Deprecated:  Optional parameter $eventType declared before required parameter $regId is implicitly treated as a required parameter in C:\xampp\htdocs\ArgaoChurch\Model\citizen_mod.php on line 1314
[11-Nov-2024 16:04:38 Europe/Berlin] PHP Deprecated:  Optional parameter $eventType declared before required parameter $regId is implicitly treated as a required parameter in C:\xampp\htdocs\ArgaoChurch\Model\citizen_mod.php on line 1741
[11-Nov-2024 16:04:44 Europe/Berlin] PHP Deprecated:  Optional parameter $eventType declared before required parameter $regId is implicitly treated as a required parameter in C:\xampp\htdocs\ArgaoChurch\Model\citizen_mod.php on line 410
[11-Nov-2024 16:04:44 Europe/Berlin] PHP Deprecated:  Optional parameter $eventType declared before required parameter $regId is implicitly treated as a required parameter in C:\xampp\htdocs\ArgaoChurch\Model\citizen_mod.php on line 1314
[11-Nov-2024 16:04:44 Europe/Berlin] PHP Deprecated:  Optional parameter $eventType declared before required parameter $regId is implicitly treated as a required parameter in C:\xampp\htdocs\ArgaoChurch\Model\citizen_mod.php on line 1741
[11-Nov-2024 16:06:53 Europe/Berlin] PHP Deprecated:  Optional parameter $eventType declared before required parameter $regId is implicitly treated as a required parameter in C:\xampp\htdocs\ArgaoChurch\Model\citizen_mod.php on line 410
[11-Nov-2024 16:06:53 Europe/Berlin] PHP Deprecated:  Optional parameter $eventType declared before required parameter $regId is implicitly treated as a required parameter in C:\xampp\htdocs\ArgaoChurch\Model\citizen_mod.php on line 1314
[11-Nov-2024 16:06:53 Europe/Berlin] PHP Deprecated:  Optional parameter $eventType declared before required parameter $regId is implicitly treated as a required parameter in C:\xampp\htdocs\ArgaoChurch\Model\citizen_mod.php on line 1741
[11-Nov-2024 16:06:57 Europe/Berlin] PHP Deprecated:  Optional parameter $eventType declared before required parameter $regId is implicitly treated as a required parameter in C:\xampp\htdocs\ArgaoChurch\Model\citizen_mod.php on line 410
[11-Nov-2024 16:06:57 Europe/Berlin] PHP Deprecated:  Optional parameter $eventType declared before required parameter $regId is implicitly treated as a required parameter in C:\xampp\htdocs\ArgaoChurch\Model\citizen_mod.php on line 1314
[11-Nov-2024 16:06:57 Europe/Berlin] PHP Deprecated:  Optional parameter $eventType declared before required parameter $regId is implicitly treated as a required parameter in C:\xampp\htdocs\ArgaoChurch\Model\citizen_mod.php on line 1741
[11-Nov-2024 16:07:08 Europe/Berlin] PHP Deprecated:  Optional parameter $eventType declared before required parameter $regId is implicitly treated as a required parameter in C:\xampp\htdocs\ArgaoChurch\Model\citizen_mod.php on line 410
[11-Nov-2024 16:07:08 Europe/Berlin] PHP Deprecated:  Optional parameter $eventType declared before required parameter $regId is implicitly treated as a required parameter in C:\xampp\htdocs\ArgaoChurch\Model\citizen_mod.php on line 1314
[11-Nov-2024 16:07:08 Europe/Berlin] PHP Deprecated:  Optional parameter $eventType declared before required parameter $regId is implicitly treated as a required parameter in C:\xampp\htdocs\ArgaoChurch\Model\citizen_mod.php on line 1741
[11-Nov-2024 16:07:29 Europe/Berlin] PHP Deprecated:  Optional parameter $eventType declared before required parameter $regId is implicitly treated as a required parameter in C:\xampp\htdocs\ArgaoChurch\Model\citizen_mod.php on line 410
[11-Nov-2024 16:07:29 Europe/Berlin] PHP Deprecated:  Optional parameter $eventType declared before required parameter $regId is implicitly treated as a required parameter in C:\xampp\htdocs\ArgaoChurch\Model\citizen_mod.php on line 1314
[11-Nov-2024 16:07:29 Europe/Berlin] PHP Deprecated:  Optional parameter $eventType declared before required parameter $regId is implicitly treated as a required parameter in C:\xampp\htdocs\ArgaoChurch\Model\citizen_mod.php on line 1741
[11-Nov-2024 16:07:44 Europe/Berlin] PHP Deprecated:  Optional parameter $eventType declared before required parameter $regId is implicitly treated as a required parameter in C:\xampp\htdocs\ArgaoChurch\Model\citizen_mod.php on line 410
[11-Nov-2024 16:07:44 Europe/Berlin] PHP Deprecated:  Optional parameter $eventType declared before required parameter $regId is implicitly treated as a required parameter in C:\xampp\htdocs\ArgaoChurch\Model\citizen_mod.php on line 1314
[11-Nov-2024 16:07:44 Europe/Berlin] PHP Deprecated:  Optional parameter $eventType declared before required parameter $regId is implicitly treated as a required parameter in C:\xampp\htdocs\ArgaoChurch\Model\citizen_mod.php on line 1741
[11-Nov-2024 16:08:35 Europe/Berlin] PHP Deprecated:  Optional parameter $eventType declared before required parameter $regId is implicitly treated as a required parameter in C:\xampp\htdocs\ArgaoChurch\Model\citizen_mod.php on line 410
[11-Nov-2024 16:08:35 Europe/Berlin] PHP Deprecated:  Optional parameter $eventType declared before required parameter $regId is implicitly treated as a required parameter in C:\xampp\htdocs\ArgaoChurch\Model\citizen_mod.php on line 1314
[11-Nov-2024 16:08:35 Europe/Berlin] PHP Deprecated:  Optional parameter $eventType declared before required parameter $regId is implicitly treated as a required parameter in C:\xampp\htdocs\ArgaoChurch\Model\citizen_mod.php on line 1741
[11-Nov-2024 16:09:57 Europe/Berlin] PHP Deprecated:  Optional parameter $eventType declared before required parameter $regId is implicitly treated as a required parameter in C:\xampp\htdocs\ArgaoChurch\Model\citizen_mod.php on line 410
[11-Nov-2024 16:09:57 Europe/Berlin] PHP Deprecated:  Optional parameter $eventType declared before required parameter $regId is implicitly treated as a required parameter in C:\xampp\htdocs\ArgaoChurch\Model\citizen_mod.php on line 1314
[11-Nov-2024 16:09:57 Europe/Berlin] PHP Deprecated:  Optional parameter $eventType declared before required parameter $regId is implicitly treated as a required parameter in C:\xampp\htdocs\ArgaoChurch\Model\citizen_mod.php on line 1741
[11-Nov-2024 16:10:00 Europe/Berlin] PHP Deprecated:  Optional parameter $eventType declared before required parameter $regId is implicitly treated as a required parameter in C:\xampp\htdocs\ArgaoChurch\Model\citizen_mod.php on line 410
[11-Nov-2024 16:10:00 Europe/Berlin] PHP Deprecated:  Optional parameter $eventType declared before required parameter $regId is implicitly treated as a required parameter in C:\xampp\htdocs\ArgaoChurch\Model\citizen_mod.php on line 1314
[11-Nov-2024 16:10:00 Europe/Berlin] PHP Deprecated:  Optional parameter $eventType declared before required parameter $regId is implicitly treated as a required parameter in C:\xampp\htdocs\ArgaoChurch\Model\citizen_mod.php on line 1741
[11-Nov-2024 16:12:22 Europe/Berlin] PHP Deprecated:  Optional parameter $eventType declared before required parameter $regId is implicitly treated as a required parameter in C:\xampp\htdocs\ArgaoChurch\Model\citizen_mod.php on line 410
[11-Nov-2024 16:12:22 Europe/Berlin] PHP Deprecated:  Optional parameter $eventType declared before required parameter $regId is implicitly treated as a required parameter in C:\xampp\htdocs\ArgaoChurch\Model\citizen_mod.php on line 1314
[11-Nov-2024 16:12:22 Europe/Berlin] PHP Deprecated:  Optional parameter $eventType declared before required parameter $regId is implicitly treated as a required parameter in C:\xampp\htdocs\ArgaoChurch\Model\citizen_mod.php on line 1741
[11-Nov-2024 16:12:25 Europe/Berlin] PHP Deprecated:  Optional parameter $eventType declared before required parameter $regId is implicitly treated as a required parameter in C:\xampp\htdocs\ArgaoChurch\Model\citizen_mod.php on line 410
[11-Nov-2024 16:12:25 Europe/Berlin] PHP Deprecated:  Optional parameter $eventType declared before required parameter $regId is implicitly treated as a required parameter in C:\xampp\htdocs\ArgaoChurch\Model\citizen_mod.php on line 1314
[11-Nov-2024 16:12:25 Europe/Berlin] PHP Deprecated:  Optional parameter $eventType declared before required parameter $regId is implicitly treated as a required parameter in C:\xampp\htdocs\ArgaoChurch\Model\citizen_mod.php on line 1741
[11-Nov-2024 16:12:36 Europe/Berlin] PHP Deprecated:  Optional parameter $eventType declared before required parameter $regId is implicitly treated as a required parameter in C:\xampp\htdocs\ArgaoChurch\Model\citizen_mod.php on line 410
[11-Nov-2024 16:12:36 Europe/Berlin] PHP Deprecated:  Optional parameter $eventType declared before required parameter $regId is implicitly treated as a required parameter in C:\xampp\htdocs\ArgaoChurch\Model\citizen_mod.php on line 1314
[11-Nov-2024 16:12:36 Europe/Berlin] PHP Deprecated:  Optional parameter $eventType declared before required parameter $regId is implicitly treated as a required parameter in C:\xampp\htdocs\ArgaoChurch\Model\citizen_mod.php on line 1741
[11-Nov-2024 16:12:43 Europe/Berlin] PHP Deprecated:  Optional parameter $eventType declared before required parameter $regId is implicitly treated as a required parameter in C:\xampp\htdocs\ArgaoChurch\Model\citizen_mod.php on line 410
[11-Nov-2024 16:12:43 Europe/Berlin] PHP Deprecated:  Optional parameter $eventType declared before required parameter $regId is implicitly treated as a required parameter in C:\xampp\htdocs\ArgaoChurch\Model\citizen_mod.php on line 1314
[11-Nov-2024 16:12:43 Europe/Berlin] PHP Deprecated:  Optional parameter $eventType declared before required parameter $regId is implicitly treated as a required parameter in C:\xampp\htdocs\ArgaoChurch\Model\citizen_mod.php on line 1741
[11-Nov-2024 16:13:55 Europe/Berlin] PHP Deprecated:  Optional parameter $eventType declared before required parameter $regId is implicitly treated as a required parameter in C:\xampp\htdocs\ArgaoChurch\Model\citizen_mod.php on line 410
[11-Nov-2024 16:13:55 Europe/Berlin] PHP Deprecated:  Optional parameter $eventType declared before required parameter $regId is implicitly treated as a required parameter in C:\xampp\htdocs\ArgaoChurch\Model\citizen_mod.php on line 1314
[11-Nov-2024 16:13:55 Europe/Berlin] PHP Deprecated:  Optional parameter $eventType declared before required parameter $regId is implicitly treated as a required parameter in C:\xampp\htdocs\ArgaoChurch\Model\citizen_mod.php on line 1741
[11-Nov-2024 16:15:34 Europe/Berlin] PHP Deprecated:  Optional parameter $eventType declared before required parameter $regId is implicitly treated as a required parameter in C:\xampp\htdocs\ArgaoChurch\Model\citizen_mod.php on line 410
[11-Nov-2024 16:15:34 Europe/Berlin] PHP Deprecated:  Optional parameter $eventType declared before required parameter $regId is implicitly treated as a required parameter in C:\xampp\htdocs\ArgaoChurch\Model\citizen_mod.php on line 1314
[11-Nov-2024 16:15:34 Europe/Berlin] PHP Deprecated:  Optional parameter $eventType declared before required parameter $regId is implicitly treated as a required parameter in C:\xampp\htdocs\ArgaoChurch\Model\citizen_mod.php on line 1741
[11-Nov-2024 16:16:50 Europe/Berlin] PHP Deprecated:  Optional parameter $eventType declared before required parameter $regId is implicitly treated as a required parameter in C:\xampp\htdocs\ArgaoChurch\Model\citizen_mod.php on line 410
[11-Nov-2024 16:16:50 Europe/Berlin] PHP Deprecated:  Optional parameter $eventType declared before required parameter $regId is implicitly treated as a required parameter in C:\xampp\htdocs\ArgaoChurch\Model\citizen_mod.php on line 1314
[11-Nov-2024 16:16:50 Europe/Berlin] PHP Deprecated:  Optional parameter $eventType declared before required parameter $regId is implicitly treated as a required parameter in C:\xampp\htdocs\ArgaoChurch\Model\citizen_mod.php on line 1741
[11-Nov-2024 16:18:22 Europe/Berlin] PHP Deprecated:  Optional parameter $eventType declared before required parameter $regId is implicitly treated as a required parameter in C:\xampp\htdocs\ArgaoChurch\Model\citizen_mod.php on line 410
[11-Nov-2024 16:18:22 Europe/Berlin] PHP Deprecated:  Optional parameter $eventType declared before required parameter $regId is implicitly treated as a required parameter in C:\xampp\htdocs\ArgaoChurch\Model\citizen_mod.php on line 1314
[11-Nov-2024 16:18:22 Europe/Berlin] PHP Deprecated:  Optional parameter $eventType declared before required parameter $regId is implicitly treated as a required parameter in C:\xampp\htdocs\ArgaoChurch\Model\citizen_mod.php on line 1741
[11-Nov-2024 16:18:29 Europe/Berlin] PHP Deprecated:  Optional parameter $eventType declared before required parameter $regId is implicitly treated as a required parameter in C:\xampp\htdocs\ArgaoChurch\Model\citizen_mod.php on line 410
[11-Nov-2024 16:18:29 Europe/Berlin] PHP Deprecated:  Optional parameter $eventType declared before required parameter $regId is implicitly treated as a required parameter in C:\xampp\htdocs\ArgaoChurch\Model\citizen_mod.php on line 1314
[11-Nov-2024 16:18:29 Europe/Berlin] PHP Deprecated:  Optional parameter $eventType declared before required parameter $regId is implicitly treated as a required parameter in C:\xampp\htdocs\ArgaoChurch\Model\citizen_mod.php on line 1741
[11-Nov-2024 16:18:34 Europe/Berlin] PHP Deprecated:  Optional parameter $eventType declared before required parameter $regId is implicitly treated as a required parameter in C:\xampp\htdocs\ArgaoChurch\Model\citizen_mod.php on line 410
[11-Nov-2024 16:18:34 Europe/Berlin] PHP Deprecated:  Optional parameter $eventType declared before required parameter $regId is implicitly treated as a required parameter in C:\xampp\htdocs\ArgaoChurch\Model\citizen_mod.php on line 1314
[11-Nov-2024 16:18:34 Europe/Berlin] PHP Deprecated:  Optional parameter $eventType declared before required parameter $regId is implicitly treated as a required parameter in C:\xampp\htdocs\ArgaoChurch\Model\citizen_mod.php on line 1741
[11-Nov-2024 16:20:45 Europe/Berlin] PHP Deprecated:  Optional parameter $eventType declared before required parameter $regId is implicitly treated as a required parameter in C:\xampp\htdocs\ArgaoChurch\Model\citizen_mod.php on line 410
[11-Nov-2024 16:20:45 Europe/Berlin] PHP Deprecated:  Optional parameter $eventType declared before required parameter $regId is implicitly treated as a required parameter in C:\xampp\htdocs\ArgaoChurch\Model\citizen_mod.php on line 1314
[11-Nov-2024 16:20:45 Europe/Berlin] PHP Deprecated:  Optional parameter $eventType declared before required parameter $regId is implicitly treated as a required parameter in C:\xampp\htdocs\ArgaoChurch\Model\citizen_mod.php on line 1741
[11-Nov-2024 16:20:53 Europe/Berlin] PHP Deprecated:  Optional parameter $eventType declared before required parameter $regId is implicitly treated as a required parameter in C:\xampp\htdocs\ArgaoChurch\Model\citizen_mod.php on line 410
[11-Nov-2024 16:20:53 Europe/Berlin] PHP Deprecated:  Optional parameter $eventType declared before required parameter $regId is implicitly treated as a required parameter in C:\xampp\htdocs\ArgaoChurch\Model\citizen_mod.php on line 1314
[11-Nov-2024 16:20:53 Europe/Berlin] PHP Deprecated:  Optional parameter $eventType declared before required parameter $regId is implicitly treated as a required parameter in C:\xampp\htdocs\ArgaoChurch\Model\citizen_mod.php on line 1741
[11-Nov-2024 16:21:12 Europe/Berlin] PHP Deprecated:  Optional parameter $eventType declared before required parameter $regId is implicitly treated as a required parameter in C:\xampp\htdocs\ArgaoChurch\Model\citizen_mod.php on line 410
[11-Nov-2024 16:21:12 Europe/Berlin] PHP Deprecated:  Optional parameter $eventType declared before required parameter $regId is implicitly treated as a required parameter in C:\xampp\htdocs\ArgaoChurch\Model\citizen_mod.php on line 1314
[11-Nov-2024 16:21:12 Europe/Berlin] PHP Deprecated:  Optional parameter $eventType declared before required parameter $regId is implicitly treated as a required parameter in C:\xampp\htdocs\ArgaoChurch\Model\citizen_mod.php on line 1741
[11-Nov-2024 16:23:37 Europe/Berlin] PHP Warning:  Undefined variable $email in C:\xampp\htdocs\ArgaoChurch\View\PageStaff\header.php on line 311
[11-Nov-2024 16:23:42 Europe/Berlin] PHP Deprecated:  Optional parameter $eventType declared before required parameter $regId is implicitly treated as a required parameter in C:\xampp\htdocs\ArgaoChurch\Model\citizen_mod.php on line 410
[11-Nov-2024 16:23:42 Europe/Berlin] PHP Deprecated:  Optional parameter $eventType declared before required parameter $regId is implicitly treated as a required parameter in C:\xampp\htdocs\ArgaoChurch\Model\citizen_mod.php on line 1314
[11-Nov-2024 16:23:42 Europe/Berlin] PHP Deprecated:  Optional parameter $eventType declared before required parameter $regId is implicitly treated as a required parameter in C:\xampp\htdocs\ArgaoChurch\Model\citizen_mod.php on line 1741
[11-Nov-2024 16:27:31 Europe/Berlin] PHP Deprecated:  Optional parameter $eventType declared before required parameter $regId is implicitly treated as a required parameter in C:\xampp\htdocs\ArgaoChurch\Model\citizen_mod.php on line 410
[11-Nov-2024 16:27:31 Europe/Berlin] PHP Deprecated:  Optional parameter $eventType declared before required parameter $regId is implicitly treated as a required parameter in C:\xampp\htdocs\ArgaoChurch\Model\citizen_mod.php on line 1314
[11-Nov-2024 16:27:31 Europe/Berlin] PHP Deprecated:  Optional parameter $eventType declared before required parameter $regId is implicitly treated as a required parameter in C:\xampp\htdocs\ArgaoChurch\Model\citizen_mod.php on line 1741
[11-Nov-2024 16:27:44 Europe/Berlin] PHP Deprecated:  Optional parameter $eventType declared before required parameter $regId is implicitly treated as a required parameter in C:\xampp\htdocs\ArgaoChurch\Model\citizen_mod.php on line 410
[11-Nov-2024 16:27:44 Europe/Berlin] PHP Deprecated:  Optional parameter $eventType declared before required parameter $regId is implicitly treated as a required parameter in C:\xampp\htdocs\ArgaoChurch\Model\citizen_mod.php on line 1314
[11-Nov-2024 16:27:44 Europe/Berlin] PHP Deprecated:  Optional parameter $eventType declared before required parameter $regId is implicitly treated as a required parameter in C:\xampp\htdocs\ArgaoChurch\Model\citizen_mod.php on line 1741
[11-Nov-2024 16:28:15 Europe/Berlin] PHP Deprecated:  Optional parameter $eventType declared before required parameter $regId is implicitly treated as a required parameter in C:\xampp\htdocs\ArgaoChurch\Model\citizen_mod.php on line 410
[11-Nov-2024 16:28:15 Europe/Berlin] PHP Deprecated:  Optional parameter $eventType declared before required parameter $regId is implicitly treated as a required parameter in C:\xampp\htdocs\ArgaoChurch\Model\citizen_mod.php on line 1314
[11-Nov-2024 16:28:15 Europe/Berlin] PHP Deprecated:  Optional parameter $eventType declared before required parameter $regId is implicitly treated as a required parameter in C:\xampp\htdocs\ArgaoChurch\Model\citizen_mod.php on line 1741
[11-Nov-2024 16:28:26 Europe/Berlin] PHP Deprecated:  Optional parameter $eventType declared before required parameter $regId is implicitly treated as a required parameter in C:\xampp\htdocs\ArgaoChurch\Model\citizen_mod.php on line 410
[11-Nov-2024 16:28:26 Europe/Berlin] PHP Deprecated:  Optional parameter $eventType declared before required parameter $regId is implicitly treated as a required parameter in C:\xampp\htdocs\ArgaoChurch\Model\citizen_mod.php on line 1314
[11-Nov-2024 16:28:26 Europe/Berlin] PHP Deprecated:  Optional parameter $eventType declared before required parameter $regId is implicitly treated as a required parameter in C:\xampp\htdocs\ArgaoChurch\Model\citizen_mod.php on line 1741
[11-Nov-2024 16:29:21 Europe/Berlin] PHP Deprecated:  Optional parameter $eventType declared before required parameter $regId is implicitly treated as a required parameter in C:\xampp\htdocs\ArgaoChurch\Model\citizen_mod.php on line 410
[11-Nov-2024 16:29:21 Europe/Berlin] PHP Deprecated:  Optional parameter $eventType declared before required parameter $regId is implicitly treated as a required parameter in C:\xampp\htdocs\ArgaoChurch\Model\citizen_mod.php on line 1314
[11-Nov-2024 16:29:21 Europe/Berlin] PHP Deprecated:  Optional parameter $eventType declared before required parameter $regId is implicitly treated as a required parameter in C:\xampp\htdocs\ArgaoChurch\Model\citizen_mod.php on line 1741
[11-Nov-2024 16:51:37 Europe/Berlin] PHP Deprecated:  Optional parameter $eventType declared before required parameter $regId is implicitly treated as a required parameter in C:\xampp\htdocs\ArgaoChurch\Model\citizen_mod.php on line 410
[11-Nov-2024 16:51:37 Europe/Berlin] PHP Deprecated:  Optional parameter $eventType declared before required parameter $regId is implicitly treated as a required parameter in C:\xampp\htdocs\ArgaoChurch\Model\citizen_mod.php on line 1314
[11-Nov-2024 16:51:37 Europe/Berlin] PHP Deprecated:  Optional parameter $eventType declared before required parameter $regId is implicitly treated as a required parameter in C:\xampp\htdocs\ArgaoChurch\Model\citizen_mod.php on line 1741
[11-Nov-2024 16:51:42 Europe/Berlin] PHP Deprecated:  Optional parameter $eventType declared before required parameter $regId is implicitly treated as a required parameter in C:\xampp\htdocs\ArgaoChurch\Model\citizen_mod.php on line 410
[11-Nov-2024 16:51:42 Europe/Berlin] PHP Deprecated:  Optional parameter $eventType declared before required parameter $regId is implicitly treated as a required parameter in C:\xampp\htdocs\ArgaoChurch\Model\citizen_mod.php on line 1314
[11-Nov-2024 16:51:42 Europe/Berlin] PHP Deprecated:  Optional parameter $eventType declared before required parameter $regId is implicitly treated as a required parameter in C:\xampp\htdocs\ArgaoChurch\Model\citizen_mod.php on line 1741
[11-Nov-2024 16:51:55 Europe/Berlin] PHP Deprecated:  Optional parameter $eventType declared before required parameter $regId is implicitly treated as a required parameter in C:\xampp\htdocs\ArgaoChurch\Model\citizen_mod.php on line 410
[11-Nov-2024 16:51:55 Europe/Berlin] PHP Deprecated:  Optional parameter $eventType declared before required parameter $regId is implicitly treated as a required parameter in C:\xampp\htdocs\ArgaoChurch\Model\citizen_mod.php on line 1314
[11-Nov-2024 16:51:55 Europe/Berlin] PHP Deprecated:  Optional parameter $eventType declared before required parameter $regId is implicitly treated as a required parameter in C:\xampp\htdocs\ArgaoChurch\Model\citizen_mod.php on line 1741
[11-Nov-2024 16:54:21 Europe/Berlin] PHP Deprecated:  Optional parameter $eventType declared before required parameter $regId is implicitly treated as a required parameter in C:\xampp\htdocs\ArgaoChurch\Model\citizen_mod.php on line 410
[11-Nov-2024 16:54:21 Europe/Berlin] PHP Deprecated:  Optional parameter $eventType declared before required parameter $regId is implicitly treated as a required parameter in C:\xampp\htdocs\ArgaoChurch\Model\citizen_mod.php on line 1314
[11-Nov-2024 16:54:21 Europe/Berlin] PHP Deprecated:  Optional parameter $eventType declared before required parameter $regId is implicitly treated as a required parameter in C:\xampp\htdocs\ArgaoChurch\Model\citizen_mod.php on line 1741
[11-Nov-2024 17:05:34 Europe/Berlin] PHP Warning:  Undefined variable $email in C:\xampp\htdocs\ArgaoChurch\View\PageStaff\header.php on line 311
[11-Nov-2024 17:05:44 Europe/Berlin] PHP Deprecated:  Optional parameter $eventType declared before required parameter $regId is implicitly treated as a required parameter in C:\xampp\htdocs\ArgaoChurch\Model\citizen_mod.php on line 410
[11-Nov-2024 17:05:44 Europe/Berlin] PHP Deprecated:  Optional parameter $eventType declared before required parameter $regId is implicitly treated as a required parameter in C:\xampp\htdocs\ArgaoChurch\Model\citizen_mod.php on line 1314
[11-Nov-2024 17:05:44 Europe/Berlin] PHP Deprecated:  Optional parameter $eventType declared before required parameter $regId is implicitly treated as a required parameter in C:\xampp\htdocs\ArgaoChurch\Model\citizen_mod.php on line 1741
[11-Nov-2024 17:05:46 Europe/Berlin] PHP Warning:  Undefined variable $email in C:\xampp\htdocs\ArgaoChurch\View\PageStaff\header.php on line 311
[11-Nov-2024 17:05:48 Europe/Berlin] PHP Deprecated:  Optional parameter $eventType declared before required parameter $regId is implicitly treated as a required parameter in C:\xampp\htdocs\ArgaoChurch\Model\citizen_mod.php on line 410
[11-Nov-2024 17:05:48 Europe/Berlin] PHP Deprecated:  Optional parameter $eventType declared before required parameter $regId is implicitly treated as a required parameter in C:\xampp\htdocs\ArgaoChurch\Model\citizen_mod.php on line 1314
[11-Nov-2024 17:05:48 Europe/Berlin] PHP Deprecated:  Optional parameter $eventType declared before required parameter $regId is implicitly treated as a required parameter in C:\xampp\htdocs\ArgaoChurch\Model\citizen_mod.php on line 1741
[11-Nov-2024 17:07:01 Europe/Berlin] PHP Warning:  Undefined variable $email in C:\xampp\htdocs\ArgaoChurch\View\PageStaff\header.php on line 311
[11-Nov-2024 17:07:04 Europe/Berlin] PHP Deprecated:  Optional parameter $eventType declared before required parameter $regId is implicitly treated as a required parameter in C:\xampp\htdocs\ArgaoChurch\Model\citizen_mod.php on line 410
[11-Nov-2024 17:07:04 Europe/Berlin] PHP Deprecated:  Optional parameter $eventType declared before required parameter $regId is implicitly treated as a required parameter in C:\xampp\htdocs\ArgaoChurch\Model\citizen_mod.php on line 1314
[11-Nov-2024 17:07:04 Europe/Berlin] PHP Deprecated:  Optional parameter $eventType declared before required parameter $regId is implicitly treated as a required parameter in C:\xampp\htdocs\ArgaoChurch\Model\citizen_mod.php on line 1741
[11-Nov-2024 17:09:28 Europe/Berlin] PHP Deprecated:  Optional parameter $eventType declared before required parameter $regId is implicitly treated as a required parameter in C:\xampp\htdocs\ArgaoChurch\Model\citizen_mod.php on line 410
[11-Nov-2024 17:09:28 Europe/Berlin] PHP Deprecated:  Optional parameter $eventType declared before required parameter $regId is implicitly treated as a required parameter in C:\xampp\htdocs\ArgaoChurch\Model\citizen_mod.php on line 1314
[11-Nov-2024 17:09:28 Europe/Berlin] PHP Deprecated:  Optional parameter $eventType declared before required parameter $regId is implicitly treated as a required parameter in C:\xampp\htdocs\ArgaoChurch\Model\citizen_mod.php on line 1741
[11-Nov-2024 17:09:31 Europe/Berlin] PHP Deprecated:  Optional parameter $eventType declared before required parameter $regId is implicitly treated as a required parameter in C:\xampp\htdocs\ArgaoChurch\Model\citizen_mod.php on line 410
[11-Nov-2024 17:09:31 Europe/Berlin] PHP Deprecated:  Optional parameter $eventType declared before required parameter $regId is implicitly treated as a required parameter in C:\xampp\htdocs\ArgaoChurch\Model\citizen_mod.php on line 1314
[11-Nov-2024 17:09:31 Europe/Berlin] PHP Deprecated:  Optional parameter $eventType declared before required parameter $regId is implicitly treated as a required parameter in C:\xampp\htdocs\ArgaoChurch\Model\citizen_mod.php on line 1741
[11-Nov-2024 17:09:44 Europe/Berlin] PHP Deprecated:  Optional parameter $eventType declared before required parameter $regId is implicitly treated as a required parameter in C:\xampp\htdocs\ArgaoChurch\Model\citizen_mod.php on line 410
[11-Nov-2024 17:09:44 Europe/Berlin] PHP Deprecated:  Optional parameter $eventType declared before required parameter $regId is implicitly treated as a required parameter in C:\xampp\htdocs\ArgaoChurch\Model\citizen_mod.php on line 1314
[11-Nov-2024 17:09:44 Europe/Berlin] PHP Deprecated:  Optional parameter $eventType declared before required parameter $regId is implicitly treated as a required parameter in C:\xampp\htdocs\ArgaoChurch\Model\citizen_mod.php on line 1741
[11-Nov-2024 17:12:37 Europe/Berlin] PHP Deprecated:  Optional parameter $eventType declared before required parameter $regId is implicitly treated as a required parameter in C:\xampp\htdocs\ArgaoChurch\Model\citizen_mod.php on line 410
[11-Nov-2024 17:12:37 Europe/Berlin] PHP Deprecated:  Optional parameter $eventType declared before required parameter $regId is implicitly treated as a required parameter in C:\xampp\htdocs\ArgaoChurch\Model\citizen_mod.php on line 1314
[11-Nov-2024 17:12:37 Europe/Berlin] PHP Deprecated:  Optional parameter $eventType declared before required parameter $regId is implicitly treated as a required parameter in C:\xampp\htdocs\ArgaoChurch\Model\citizen_mod.php on line 1741
[11-Nov-2024 17:12:49 Europe/Berlin] PHP Deprecated:  Optional parameter $eventType declared before required parameter $regId is implicitly treated as a required parameter in C:\xampp\htdocs\ArgaoChurch\Model\citizen_mod.php on line 410
[11-Nov-2024 17:12:49 Europe/Berlin] PHP Deprecated:  Optional parameter $eventType declared before required parameter $regId is implicitly treated as a required parameter in C:\xampp\htdocs\ArgaoChurch\Model\citizen_mod.php on line 1314
[11-Nov-2024 17:12:49 Europe/Berlin] PHP Deprecated:  Optional parameter $eventType declared before required parameter $regId is implicitly treated as a required parameter in C:\xampp\htdocs\ArgaoChurch\Model\citizen_mod.php on line 1741
[11-Nov-2024 17:13:22 Europe/Berlin] PHP Deprecated:  Optional parameter $eventType declared before required parameter $regId is implicitly treated as a required parameter in C:\xampp\htdocs\ArgaoChurch\Model\citizen_mod.php on line 410
[11-Nov-2024 17:13:22 Europe/Berlin] PHP Deprecated:  Optional parameter $eventType declared before required parameter $regId is implicitly treated as a required parameter in C:\xampp\htdocs\ArgaoChurch\Model\citizen_mod.php on line 1314
[11-Nov-2024 17:13:22 Europe/Berlin] PHP Deprecated:  Optional parameter $eventType declared before required parameter $regId is implicitly treated as a required parameter in C:\xampp\htdocs\ArgaoChurch\Model\citizen_mod.php on line 1741
[11-Nov-2024 17:13:26 Europe/Berlin] PHP Deprecated:  Optional parameter $eventType declared before required parameter $regId is implicitly treated as a required parameter in C:\xampp\htdocs\ArgaoChurch\Model\citizen_mod.php on line 410
[11-Nov-2024 17:13:26 Europe/Berlin] PHP Deprecated:  Optional parameter $eventType declared before required parameter $regId is implicitly treated as a required parameter in C:\xampp\htdocs\ArgaoChurch\Model\citizen_mod.php on line 1314
[11-Nov-2024 17:13:26 Europe/Berlin] PHP Deprecated:  Optional parameter $eventType declared before required parameter $regId is implicitly treated as a required parameter in C:\xampp\htdocs\ArgaoChurch\Model\citizen_mod.php on line 1741
[11-Nov-2024 17:14:10 Europe/Berlin] PHP Deprecated:  Optional parameter $eventType declared before required parameter $regId is implicitly treated as a required parameter in C:\xampp\htdocs\ArgaoChurch\Model\citizen_mod.php on line 410
[11-Nov-2024 17:14:10 Europe/Berlin] PHP Deprecated:  Optional parameter $eventType declared before required parameter $regId is implicitly treated as a required parameter in C:\xampp\htdocs\ArgaoChurch\Model\citizen_mod.php on line 1314
[11-Nov-2024 17:14:10 Europe/Berlin] PHP Deprecated:  Optional parameter $eventType declared before required parameter $regId is implicitly treated as a required parameter in C:\xampp\htdocs\ArgaoChurch\Model\citizen_mod.php on line 1741
[11-Nov-2024 17:14:19 Europe/Berlin] PHP Deprecated:  Optional parameter $eventType declared before required parameter $regId is implicitly treated as a required parameter in C:\xampp\htdocs\ArgaoChurch\Model\citizen_mod.php on line 410
[11-Nov-2024 17:14:19 Europe/Berlin] PHP Deprecated:  Optional parameter $eventType declared before required parameter $regId is implicitly treated as a required parameter in C:\xampp\htdocs\ArgaoChurch\Model\citizen_mod.php on line 1314
[11-Nov-2024 17:14:19 Europe/Berlin] PHP Deprecated:  Optional parameter $eventType declared before required parameter $regId is implicitly treated as a required parameter in C:\xampp\htdocs\ArgaoChurch\Model\citizen_mod.php on line 1741
[11-Nov-2024 17:14:22 Europe/Berlin] PHP Deprecated:  Optional parameter $eventType declared before required parameter $regId is implicitly treated as a required parameter in C:\xampp\htdocs\ArgaoChurch\Model\citizen_mod.php on line 410
[11-Nov-2024 17:14:22 Europe/Berlin] PHP Deprecated:  Optional parameter $eventType declared before required parameter $regId is implicitly treated as a required parameter in C:\xampp\htdocs\ArgaoChurch\Model\citizen_mod.php on line 1314
[11-Nov-2024 17:14:22 Europe/Berlin] PHP Deprecated:  Optional parameter $eventType declared before required parameter $regId is implicitly treated as a required parameter in C:\xampp\htdocs\ArgaoChurch\Model\citizen_mod.php on line 1741
[11-Nov-2024 17:14:28 Europe/Berlin] PHP Deprecated:  Optional parameter $eventType declared before required parameter $regId is implicitly treated as a required parameter in C:\xampp\htdocs\ArgaoChurch\Model\citizen_mod.php on line 410
[11-Nov-2024 17:14:28 Europe/Berlin] PHP Deprecated:  Optional parameter $eventType declared before required parameter $regId is implicitly treated as a required parameter in C:\xampp\htdocs\ArgaoChurch\Model\citizen_mod.php on line 1314
[11-Nov-2024 17:14:28 Europe/Berlin] PHP Deprecated:  Optional parameter $eventType declared before required parameter $regId is implicitly treated as a required parameter in C:\xampp\htdocs\ArgaoChurch\Model\citizen_mod.php on line 1741
[11-Nov-2024 17:15:56 Europe/Berlin] PHP Warning:  Undefined variable $email in C:\xampp\htdocs\ArgaoChurch\View\PageStaff\header.php on line 311
[11-Nov-2024 17:15:59 Europe/Berlin] PHP Warning:  Undefined variable $email in C:\xampp\htdocs\ArgaoChurch\View\PageStaff\header.php on line 311
[11-Nov-2024 17:16:29 Europe/Berlin] PHP Warning:  Undefined variable $email in C:\xampp\htdocs\ArgaoChurch\View\PageStaff\header.php on line 311
[11-Nov-2024 17:16:36 Europe/Berlin] PHP Warning:  Undefined variable $email in C:\xampp\htdocs\ArgaoChurch\View\PageStaff\header.php on line 311
[11-Nov-2024 17:16:42 Europe/Berlin] PHP Warning:  Undefined variable $email in C:\xampp\htdocs\ArgaoChurch\View\PageStaff\header.php on line 311
[11-Nov-2024 17:16:55 Europe/Berlin] PHP Warning:  Undefined variable $email in C:\xampp\htdocs\ArgaoChurch\View\PageStaff\header.php on line 311
[11-Nov-2024 17:17:10 Europe/Berlin] PHP Warning:  Undefined variable $email in C:\xampp\htdocs\ArgaoChurch\View\PageStaff\header.php on line 311
[11-Nov-2024 17:17:12 Europe/Berlin] PHP Warning:  Undefined variable $email in C:\xampp\htdocs\ArgaoChurch\View\PageStaff\header.php on line 311
[11-Nov-2024 17:17:15 Europe/Berlin] PHP Warning:  Undefined variable $email in C:\xampp\htdocs\ArgaoChurch\View\PageStaff\header.php on line 311
[11-Nov-2024 17:17:45 Europe/Berlin] PHP Warning:  Undefined variable $email in C:\xampp\htdocs\ArgaoChurch\View\PageStaff\header.php on line 311
[11-Nov-2024 17:17:48 Europe/Berlin] PHP Warning:  Undefined variable $email in C:\xampp\htdocs\ArgaoChurch\View\PageStaff\header.php on line 311
[11-Nov-2024 17:17:55 Europe/Berlin] PHP Warning:  Undefined variable $email in C:\xampp\htdocs\ArgaoChurch\View\PageStaff\header.php on line 311
[11-Nov-2024 17:17:58 Europe/Berlin] PHP Warning:  Undefined variable $email in C:\xampp\htdocs\ArgaoChurch\View\PageStaff\header.php on line 311
[11-Nov-2024 17:18:18 Europe/Berlin] PHP Deprecated:  Optional parameter $eventType declared before required parameter $regId is implicitly treated as a required parameter in C:\xampp\htdocs\ArgaoChurch\Model\citizen_mod.php on line 410
[11-Nov-2024 17:18:18 Europe/Berlin] PHP Deprecated:  Optional parameter $eventType declared before required parameter $regId is implicitly treated as a required parameter in C:\xampp\htdocs\ArgaoChurch\Model\citizen_mod.php on line 1314
[11-Nov-2024 17:18:18 Europe/Berlin] PHP Deprecated:  Optional parameter $eventType declared before required parameter $regId is implicitly treated as a required parameter in C:\xampp\htdocs\ArgaoChurch\Model\citizen_mod.php on line 1741
[11-Nov-2024 17:18:27 Europe/Berlin] PHP Warning:  Undefined variable $email in C:\xampp\htdocs\ArgaoChurch\View\PageStaff\header.php on line 311
[11-Nov-2024 17:18:31 Europe/Berlin] PHP Deprecated:  Optional parameter $eventType declared before required parameter $regId is implicitly treated as a required parameter in C:\xampp\htdocs\ArgaoChurch\Model\citizen_mod.php on line 410
[11-Nov-2024 17:18:31 Europe/Berlin] PHP Deprecated:  Optional parameter $eventType declared before required parameter $regId is implicitly treated as a required parameter in C:\xampp\htdocs\ArgaoChurch\Model\citizen_mod.php on line 1314
[11-Nov-2024 17:18:31 Europe/Berlin] PHP Deprecated:  Optional parameter $eventType declared before required parameter $regId is implicitly treated as a required parameter in C:\xampp\htdocs\ArgaoChurch\Model\citizen_mod.php on line 1741
[11-Nov-2024 17:19:21 Europe/Berlin] PHP Warning:  Undefined variable $email in C:\xampp\htdocs\ArgaoChurch\View\PageStaff\header.php on line 311
[11-Nov-2024 17:19:25 Europe/Berlin] PHP Warning:  Undefined variable $email in C:\xampp\htdocs\ArgaoChurch\View\PageStaff\header.php on line 311
[11-Nov-2024 17:19:28 Europe/Berlin] PHP Deprecated:  Optional parameter $eventType declared before required parameter $regId is implicitly treated as a required parameter in C:\xampp\htdocs\ArgaoChurch\Model\citizen_mod.php on line 410
[11-Nov-2024 17:19:28 Europe/Berlin] PHP Deprecated:  Optional parameter $eventType declared before required parameter $regId is implicitly treated as a required parameter in C:\xampp\htdocs\ArgaoChurch\Model\citizen_mod.php on line 1314
[11-Nov-2024 17:19:28 Europe/Berlin] PHP Deprecated:  Optional parameter $eventType declared before required parameter $regId is implicitly treated as a required parameter in C:\xampp\htdocs\ArgaoChurch\Model\citizen_mod.php on line 1741
[11-Nov-2024 17:21:49 Europe/Berlin] PHP Warning:  Undefined variable $email in C:\xampp\htdocs\ArgaoChurch\View\PageStaff\header.php on line 311
[11-Nov-2024 17:21:52 Europe/Berlin] PHP Deprecated:  Optional parameter $eventType declared before required parameter $regId is implicitly treated as a required parameter in C:\xampp\htdocs\ArgaoChurch\Model\citizen_mod.php on line 410
[11-Nov-2024 17:21:52 Europe/Berlin] PHP Deprecated:  Optional parameter $eventType declared before required parameter $regId is implicitly treated as a required parameter in C:\xampp\htdocs\ArgaoChurch\Model\citizen_mod.php on line 1314
[11-Nov-2024 17:21:52 Europe/Berlin] PHP Deprecated:  Optional parameter $eventType declared before required parameter $regId is implicitly treated as a required parameter in C:\xampp\htdocs\ArgaoChurch\Model\citizen_mod.php on line 1741
[11-Nov-2024 17:22:46 Europe/Berlin] PHP Warning:  Undefined variable $email in C:\xampp\htdocs\ArgaoChurch\View\PageStaff\header.php on line 311
[11-Nov-2024 17:23:42 Europe/Berlin] PHP Warning:  Undefined variable $email in C:\xampp\htdocs\ArgaoChurch\View\PageStaff\header.php on line 311
[11-Nov-2024 17:23:45 Europe/Berlin] PHP Warning:  Undefined variable $email in C:\xampp\htdocs\ArgaoChurch\View\PageStaff\header.php on line 311
[11-Nov-2024 17:23:47 Europe/Berlin] PHP Deprecated:  Optional parameter $eventType declared before required parameter $regId is implicitly treated as a required parameter in C:\xampp\htdocs\ArgaoChurch\Model\citizen_mod.php on line 410
[11-Nov-2024 17:23:47 Europe/Berlin] PHP Deprecated:  Optional parameter $eventType declared before required parameter $regId is implicitly treated as a required parameter in C:\xampp\htdocs\ArgaoChurch\Model\citizen_mod.php on line 1314
[11-Nov-2024 17:23:47 Europe/Berlin] PHP Deprecated:  Optional parameter $eventType declared before required parameter $regId is implicitly treated as a required parameter in C:\xampp\htdocs\ArgaoChurch\Model\citizen_mod.php on line 1741
[11-Nov-2024 17:24:24 Europe/Berlin] PHP Warning:  Undefined variable $email in C:\xampp\htdocs\ArgaoChurch\View\PageStaff\header.php on line 311
[11-Nov-2024 17:24:30 Europe/Berlin] PHP Deprecated:  Optional parameter $eventType declared before required parameter $regId is implicitly treated as a required parameter in C:\xampp\htdocs\ArgaoChurch\Model\citizen_mod.php on line 410
[11-Nov-2024 17:24:30 Europe/Berlin] PHP Deprecated:  Optional parameter $eventType declared before required parameter $regId is implicitly treated as a required parameter in C:\xampp\htdocs\ArgaoChurch\Model\citizen_mod.php on line 1314
[11-Nov-2024 17:24:30 Europe/Berlin] PHP Deprecated:  Optional parameter $eventType declared before required parameter $regId is implicitly treated as a required parameter in C:\xampp\htdocs\ArgaoChurch\Model\citizen_mod.php on line 1741
[11-Nov-2024 17:26:06 Europe/Berlin] PHP Deprecated:  Optional parameter $eventType declared before required parameter $regId is implicitly treated as a required parameter in C:\xampp\htdocs\ArgaoChurch\Model\citizen_mod.php on line 410
[11-Nov-2024 17:26:06 Europe/Berlin] PHP Deprecated:  Optional parameter $eventType declared before required parameter $regId is implicitly treated as a required parameter in C:\xampp\htdocs\ArgaoChurch\Model\citizen_mod.php on line 1314
[11-Nov-2024 17:26:06 Europe/Berlin] PHP Deprecated:  Optional parameter $eventType declared before required parameter $regId is implicitly treated as a required parameter in C:\xampp\htdocs\ArgaoChurch\Model\citizen_mod.php on line 1741
[11-Nov-2024 17:26:10 Europe/Berlin] PHP Deprecated:  Optional parameter $eventType declared before required parameter $regId is implicitly treated as a required parameter in C:\xampp\htdocs\ArgaoChurch\Model\citizen_mod.php on line 410
[11-Nov-2024 17:26:10 Europe/Berlin] PHP Deprecated:  Optional parameter $eventType declared before required parameter $regId is implicitly treated as a required parameter in C:\xampp\htdocs\ArgaoChurch\Model\citizen_mod.php on line 1314
[11-Nov-2024 17:26:10 Europe/Berlin] PHP Deprecated:  Optional parameter $eventType declared before required parameter $regId is implicitly treated as a required parameter in C:\xampp\htdocs\ArgaoChurch\Model\citizen_mod.php on line 1741
[11-Nov-2024 17:27:23 Europe/Berlin] PHP Warning:  Undefined variable $email in C:\xampp\htdocs\ArgaoChurch\View\PageStaff\header.php on line 311
[11-Nov-2024 17:27:26 Europe/Berlin] PHP Deprecated:  Optional parameter $eventType declared before required parameter $regId is implicitly treated as a required parameter in C:\xampp\htdocs\ArgaoChurch\Model\citizen_mod.php on line 410
[11-Nov-2024 17:27:26 Europe/Berlin] PHP Deprecated:  Optional parameter $eventType declared before required parameter $regId is implicitly treated as a required parameter in C:\xampp\htdocs\ArgaoChurch\Model\citizen_mod.php on line 1314
[11-Nov-2024 17:27:26 Europe/Berlin] PHP Deprecated:  Optional parameter $eventType declared before required parameter $regId is implicitly treated as a required parameter in C:\xampp\htdocs\ArgaoChurch\Model\citizen_mod.php on line 1741
[11-Nov-2024 17:27:51 Europe/Berlin] PHP Deprecated:  Optional parameter $eventType declared before required parameter $regId is implicitly treated as a required parameter in C:\xampp\htdocs\ArgaoChurch\Model\citizen_mod.php on line 410
[11-Nov-2024 17:27:51 Europe/Berlin] PHP Deprecated:  Optional parameter $eventType declared before required parameter $regId is implicitly treated as a required parameter in C:\xampp\htdocs\ArgaoChurch\Model\citizen_mod.php on line 1314
[11-Nov-2024 17:27:51 Europe/Berlin] PHP Deprecated:  Optional parameter $eventType declared before required parameter $regId is implicitly treated as a required parameter in C:\xampp\htdocs\ArgaoChurch\Model\citizen_mod.php on line 1741
[11-Nov-2024 17:28:02 Europe/Berlin] PHP Warning:  Undefined variable $email in C:\xampp\htdocs\ArgaoChurch\View\PageStaff\header.php on line 311
[11-Nov-2024 17:28:10 Europe/Berlin] PHP Warning:  Undefined variable $email in C:\xampp\htdocs\ArgaoChurch\View\PageStaff\header.php on line 311
[11-Nov-2024 17:28:22 Europe/Berlin] PHP Warning:  Undefined variable $email in C:\xampp\htdocs\ArgaoChurch\View\PageStaff\header.php on line 311
[11-Nov-2024 17:28:55 Europe/Berlin] PHP Warning:  Undefined variable $email in C:\xampp\htdocs\ArgaoChurch\View\PageStaff\header.php on line 311
[11-Nov-2024 17:29:23 Europe/Berlin] PHP Warning:  Undefined variable $email in C:\xampp\htdocs\ArgaoChurch\View\PageStaff\header.php on line 311
[11-Nov-2024 17:29:27 Europe/Berlin] PHP Warning:  Undefined variable $email in C:\xampp\htdocs\ArgaoChurch\View\PageStaff\header.php on line 311
[11-Nov-2024 17:29:34 Europe/Berlin] PHP Warning:  Undefined variable $email in C:\xampp\htdocs\ArgaoChurch\View\PageStaff\header.php on line 311
[11-Nov-2024 17:29:48 Europe/Berlin] PHP Warning:  Undefined variable $email in C:\xampp\htdocs\ArgaoChurch\View\PageStaff\header.php on line 311
[11-Nov-2024 17:29:51 Europe/Berlin] PHP Warning:  Undefined variable $email in C:\xampp\htdocs\ArgaoChurch\View\PageStaff\header.php on line 311
[11-Nov-2024 17:29:54 Europe/Berlin] PHP Warning:  Undefined variable $email in C:\xampp\htdocs\ArgaoChurch\View\PageStaff\header.php on line 311
[11-Nov-2024 17:30:18 Europe/Berlin] PHP Warning:  Undefined variable $email in C:\xampp\htdocs\ArgaoChurch\View\PageStaff\header.php on line 311
[11-Nov-2024 17:30:20 Europe/Berlin] PHP Warning:  Undefined variable $email in C:\xampp\htdocs\ArgaoChurch\View\PageStaff\header.php on line 311
[11-Nov-2024 17:30:24 Europe/Berlin] PHP Warning:  Undefined variable $email in C:\xampp\htdocs\ArgaoChurch\View\PageStaff\header.php on line 311
[11-Nov-2024 17:30:29 Europe/Berlin] PHP Warning:  Undefined variable $email in C:\xampp\htdocs\ArgaoChurch\View\PageStaff\header.php on line 311
[11-Nov-2024 17:30:31 Europe/Berlin] PHP Warning:  Undefined variable $email in C:\xampp\htdocs\ArgaoChurch\View\PageStaff\header.php on line 311
[11-Nov-2024 17:30:51 Europe/Berlin] PHP Warning:  Undefined variable $email in C:\xampp\htdocs\ArgaoChurch\View\PageStaff\header.php on line 311
[11-Nov-2024 17:30:59 Europe/Berlin] PHP Deprecated:  Optional parameter $eventType declared before required parameter $regId is implicitly treated as a required parameter in C:\xampp\htdocs\ArgaoChurch\Model\citizen_mod.php on line 410
[11-Nov-2024 17:30:59 Europe/Berlin] PHP Deprecated:  Optional parameter $eventType declared before required parameter $regId is implicitly treated as a required parameter in C:\xampp\htdocs\ArgaoChurch\Model\citizen_mod.php on line 1314
[11-Nov-2024 17:30:59 Europe/Berlin] PHP Deprecated:  Optional parameter $eventType declared before required parameter $regId is implicitly treated as a required parameter in C:\xampp\htdocs\ArgaoChurch\Model\citizen_mod.php on line 1741
[11-Nov-2024 17:31:05 Europe/Berlin] PHP Warning:  Undefined variable $email in C:\xampp\htdocs\ArgaoChurch\View\PageStaff\header.php on line 311
[11-Nov-2024 17:31:22 Europe/Berlin] PHP Warning:  Undefined variable $email in C:\xampp\htdocs\ArgaoChurch\View\PageStaff\header.php on line 311
[11-Nov-2024 17:31:29 Europe/Berlin] PHP Deprecated:  Optional parameter $eventType declared before required parameter $regId is implicitly treated as a required parameter in C:\xampp\htdocs\ArgaoChurch\Model\citizen_mod.php on line 410
[11-Nov-2024 17:31:29 Europe/Berlin] PHP Deprecated:  Optional parameter $eventType declared before required parameter $regId is implicitly treated as a required parameter in C:\xampp\htdocs\ArgaoChurch\Model\citizen_mod.php on line 1314
[11-Nov-2024 17:31:29 Europe/Berlin] PHP Deprecated:  Optional parameter $eventType declared before required parameter $regId is implicitly treated as a required parameter in C:\xampp\htdocs\ArgaoChurch\Model\citizen_mod.php on line 1741
[11-Nov-2024 17:31:45 Europe/Berlin] PHP Warning:  Undefined variable $email in C:\xampp\htdocs\ArgaoChurch\View\PageStaff\header.php on line 311
[11-Nov-2024 17:31:51 Europe/Berlin] PHP Deprecated:  Optional parameter $eventType declared before required parameter $regId is implicitly treated as a required parameter in C:\xampp\htdocs\ArgaoChurch\Model\citizen_mod.php on line 410
[11-Nov-2024 17:31:51 Europe/Berlin] PHP Deprecated:  Optional parameter $eventType declared before required parameter $regId is implicitly treated as a required parameter in C:\xampp\htdocs\ArgaoChurch\Model\citizen_mod.php on line 1314
[11-Nov-2024 17:31:51 Europe/Berlin] PHP Deprecated:  Optional parameter $eventType declared before required parameter $regId is implicitly treated as a required parameter in C:\xampp\htdocs\ArgaoChurch\Model\citizen_mod.php on line 1741
[11-Nov-2024 17:31:53 Europe/Berlin] PHP Warning:  Undefined variable $email in C:\xampp\htdocs\ArgaoChurch\View\PageStaff\header.php on line 311
[11-Nov-2024 17:32:02 Europe/Berlin] PHP Warning:  Undefined variable $email in C:\xampp\htdocs\ArgaoChurch\View\PageStaff\header.php on line 311
[11-Nov-2024 17:32:05 Europe/Berlin] PHP Warning:  Undefined variable $email in C:\xampp\htdocs\ArgaoChurch\View\PageStaff\header.php on line 311
[11-Nov-2024 17:32:14 Europe/Berlin] PHP Warning:  Undefined variable $email in C:\xampp\htdocs\ArgaoChurch\View\PageStaff\header.php on line 311
[11-Nov-2024 17:32:24 Europe/Berlin] PHP Warning:  Undefined variable $email in C:\xampp\htdocs\ArgaoChurch\View\PageStaff\header.php on line 311
[11-Nov-2024 17:32:39 Europe/Berlin] PHP Warning:  Undefined variable $email in C:\xampp\htdocs\ArgaoChurch\View\PageStaff\header.php on line 311
[11-Nov-2024 17:32:41 Europe/Berlin] PHP Warning:  Undefined variable $email in C:\xampp\htdocs\ArgaoChurch\View\PageStaff\header.php on line 311
[11-Nov-2024 17:32:46 Europe/Berlin] PHP Warning:  Undefined variable $email in C:\xampp\htdocs\ArgaoChurch\View\PageStaff\header.php on line 311
[11-Nov-2024 17:32:47 Europe/Berlin] PHP Warning:  Undefined variable $email in C:\xampp\htdocs\ArgaoChurch\View\PageStaff\header.php on line 311
[11-Nov-2024 17:33:37 Europe/Berlin] PHP Warning:  Undefined variable $email in C:\xampp\htdocs\ArgaoChurch\View\PageStaff\header.php on line 311
[11-Nov-2024 17:33:47 Europe/Berlin] PHP Warning:  Undefined variable $email in C:\xampp\htdocs\ArgaoChurch\View\PageStaff\header.php on line 311
[11-Nov-2024 17:33:51 Europe/Berlin] PHP Warning:  Undefined variable $email in C:\xampp\htdocs\ArgaoChurch\View\PageStaff\header.php on line 311
[11-Nov-2024 17:33:53 Europe/Berlin] PHP Warning:  Undefined variable $email in C:\xampp\htdocs\ArgaoChurch\View\PageStaff\header.php on line 311
[11-Nov-2024 17:34:02 Europe/Berlin] PHP Warning:  Undefined variable $email in C:\xampp\htdocs\ArgaoChurch\View\PageStaff\header.php on line 311
[11-Nov-2024 17:34:04 Europe/Berlin] PHP Warning:  Undefined variable $email in C:\xampp\htdocs\ArgaoChurch\View\PageStaff\header.php on line 311
[11-Nov-2024 17:34:11 Europe/Berlin] PHP Warning:  Undefined variable $email in C:\xampp\htdocs\ArgaoChurch\View\PageStaff\header.php on line 311
[11-Nov-2024 17:34:14 Europe/Berlin] PHP Warning:  Undefined variable $email in C:\xampp\htdocs\ArgaoChurch\View\PageStaff\header.php on line 311
[11-Nov-2024 17:34:17 Europe/Berlin] PHP Warning:  Undefined variable $email in C:\xampp\htdocs\ArgaoChurch\View\PageStaff\header.php on line 311
[11-Nov-2024 17:34:19 Europe/Berlin] PHP Warning:  Undefined variable $email in C:\xampp\htdocs\ArgaoChurch\View\PageStaff\header.php on line 311
[11-Nov-2024 17:35:37 Europe/Berlin] PHP Warning:  Undefined variable $email in C:\xampp\htdocs\ArgaoChurch\View\PageStaff\header.php on line 311
[11-Nov-2024 17:35:40 Europe/Berlin] PHP Deprecated:  Optional parameter $eventType declared before required parameter $regId is implicitly treated as a required parameter in C:\xampp\htdocs\ArgaoChurch\Model\citizen_mod.php on line 410
[11-Nov-2024 17:35:40 Europe/Berlin] PHP Deprecated:  Optional parameter $eventType declared before required parameter $regId is implicitly treated as a required parameter in C:\xampp\htdocs\ArgaoChurch\Model\citizen_mod.php on line 1314
[11-Nov-2024 17:35:40 Europe/Berlin] PHP Deprecated:  Optional parameter $eventType declared before required parameter $regId is implicitly treated as a required parameter in C:\xampp\htdocs\ArgaoChurch\Model\citizen_mod.php on line 1741
[11-Nov-2024 17:35:46 Europe/Berlin] PHP Warning:  Undefined variable $email in C:\xampp\htdocs\ArgaoChurch\View\PageStaff\header.php on line 311
[11-Nov-2024 17:35:49 Europe/Berlin] PHP Deprecated:  Optional parameter $eventType declared before required parameter $regId is implicitly treated as a required parameter in C:\xampp\htdocs\ArgaoChurch\Model\citizen_mod.php on line 410
[11-Nov-2024 17:35:49 Europe/Berlin] PHP Deprecated:  Optional parameter $eventType declared before required parameter $regId is implicitly treated as a required parameter in C:\xampp\htdocs\ArgaoChurch\Model\citizen_mod.php on line 1314
[11-Nov-2024 17:35:49 Europe/Berlin] PHP Deprecated:  Optional parameter $eventType declared before required parameter $regId is implicitly treated as a required parameter in C:\xampp\htdocs\ArgaoChurch\Model\citizen_mod.php on line 1741
[11-Nov-2024 17:35:56 Europe/Berlin] PHP Warning:  Undefined variable $email in C:\xampp\htdocs\ArgaoChurch\View\PageStaff\header.php on line 311
[11-Nov-2024 17:36:01 Europe/Berlin] PHP Deprecated:  Optional parameter $eventType declared before required parameter $regId is implicitly treated as a required parameter in C:\xampp\htdocs\ArgaoChurch\Model\citizen_mod.php on line 410
[11-Nov-2024 17:36:01 Europe/Berlin] PHP Deprecated:  Optional parameter $eventType declared before required parameter $regId is implicitly treated as a required parameter in C:\xampp\htdocs\ArgaoChurch\Model\citizen_mod.php on line 1314
[11-Nov-2024 17:36:01 Europe/Berlin] PHP Deprecated:  Optional parameter $eventType declared before required parameter $regId is implicitly treated as a required parameter in C:\xampp\htdocs\ArgaoChurch\Model\citizen_mod.php on line 1741
[11-Nov-2024 17:36:15 Europe/Berlin] PHP Warning:  Undefined variable $email in C:\xampp\htdocs\ArgaoChurch\View\PageStaff\header.php on line 311
[11-Nov-2024 17:36:24 Europe/Berlin] PHP Warning:  Undefined variable $email in C:\xampp\htdocs\ArgaoChurch\View\PageStaff\header.php on line 311
[11-Nov-2024 17:36:27 Europe/Berlin] PHP Deprecated:  Optional parameter $eventType declared before required parameter $regId is implicitly treated as a required parameter in C:\xampp\htdocs\ArgaoChurch\Model\citizen_mod.php on line 410
[11-Nov-2024 17:36:27 Europe/Berlin] PHP Deprecated:  Optional parameter $eventType declared before required parameter $regId is implicitly treated as a required parameter in C:\xampp\htdocs\ArgaoChurch\Model\citizen_mod.php on line 1314
[11-Nov-2024 17:36:27 Europe/Berlin] PHP Deprecated:  Optional parameter $eventType declared before required parameter $regId is implicitly treated as a required parameter in C:\xampp\htdocs\ArgaoChurch\Model\citizen_mod.php on line 1741
[11-Nov-2024 17:36:31 Europe/Berlin] PHP Warning:  Undefined variable $email in C:\xampp\htdocs\ArgaoChurch\View\PageStaff\header.php on line 311
[11-Nov-2024 17:36:34 Europe/Berlin] PHP Warning:  Undefined variable $email in C:\xampp\htdocs\ArgaoChurch\View\PageStaff\header.php on line 311
[11-Nov-2024 17:36:41 Europe/Berlin] PHP Deprecated:  Optional parameter $eventType declared before required parameter $regId is implicitly treated as a required parameter in C:\xampp\htdocs\ArgaoChurch\Model\citizen_mod.php on line 410
[11-Nov-2024 17:36:41 Europe/Berlin] PHP Deprecated:  Optional parameter $eventType declared before required parameter $regId is implicitly treated as a required parameter in C:\xampp\htdocs\ArgaoChurch\Model\citizen_mod.php on line 1314
[11-Nov-2024 17:36:41 Europe/Berlin] PHP Deprecated:  Optional parameter $eventType declared before required parameter $regId is implicitly treated as a required parameter in C:\xampp\htdocs\ArgaoChurch\Model\citizen_mod.php on line 1741
[11-Nov-2024 17:36:51 Europe/Berlin] PHP Warning:  Undefined variable $email in C:\xampp\htdocs\ArgaoChurch\View\PageStaff\header.php on line 311
[11-Nov-2024 17:36:54 Europe/Berlin] PHP Deprecated:  Optional parameter $eventType declared before required parameter $regId is implicitly treated as a required parameter in C:\xampp\htdocs\ArgaoChurch\Model\citizen_mod.php on line 410
[11-Nov-2024 17:36:54 Europe/Berlin] PHP Deprecated:  Optional parameter $eventType declared before required parameter $regId is implicitly treated as a required parameter in C:\xampp\htdocs\ArgaoChurch\Model\citizen_mod.php on line 1314
[11-Nov-2024 17:36:54 Europe/Berlin] PHP Deprecated:  Optional parameter $eventType declared before required parameter $regId is implicitly treated as a required parameter in C:\xampp\htdocs\ArgaoChurch\Model\citizen_mod.php on line 1741
[11-Nov-2024 17:36:55 Europe/Berlin] PHP Warning:  Undefined variable $email in C:\xampp\htdocs\ArgaoChurch\View\PageStaff\header.php on line 311
[11-Nov-2024 17:37:04 Europe/Berlin] PHP Warning:  Undefined variable $email in C:\xampp\htdocs\ArgaoChurch\View\PageStaff\header.php on line 311
[11-Nov-2024 17:37:07 Europe/Berlin] PHP Deprecated:  Optional parameter $eventType declared before required parameter $regId is implicitly treated as a required parameter in C:\xampp\htdocs\ArgaoChurch\Model\citizen_mod.php on line 410
[11-Nov-2024 17:37:07 Europe/Berlin] PHP Deprecated:  Optional parameter $eventType declared before required parameter $regId is implicitly treated as a required parameter in C:\xampp\htdocs\ArgaoChurch\Model\citizen_mod.php on line 1314
[11-Nov-2024 17:37:07 Europe/Berlin] PHP Deprecated:  Optional parameter $eventType declared before required parameter $regId is implicitly treated as a required parameter in C:\xampp\htdocs\ArgaoChurch\Model\citizen_mod.php on line 1741
[11-Nov-2024 17:37:08 Europe/Berlin] PHP Warning:  Undefined variable $email in C:\xampp\htdocs\ArgaoChurch\View\PageStaff\header.php on line 311
[11-Nov-2024 17:38:31 Europe/Berlin] PHP Warning:  Undefined variable $email in C:\xampp\htdocs\ArgaoChurch\View\PageStaff\header.php on line 311
[11-Nov-2024 17:38:34 Europe/Berlin] PHP Warning:  Undefined variable $email in C:\xampp\htdocs\ArgaoChurch\View\PageStaff\header.php on line 311
[11-Nov-2024 17:38:37 Europe/Berlin] PHP Deprecated:  Optional parameter $eventType declared before required parameter $regId is implicitly treated as a required parameter in C:\xampp\htdocs\ArgaoChurch\Model\citizen_mod.php on line 410
[11-Nov-2024 17:38:37 Europe/Berlin] PHP Deprecated:  Optional parameter $eventType declared before required parameter $regId is implicitly treated as a required parameter in C:\xampp\htdocs\ArgaoChurch\Model\citizen_mod.php on line 1314
[11-Nov-2024 17:38:37 Europe/Berlin] PHP Deprecated:  Optional parameter $eventType declared before required parameter $regId is implicitly treated as a required parameter in C:\xampp\htdocs\ArgaoChurch\Model\citizen_mod.php on line 1741
[11-Nov-2024 17:39:14 Europe/Berlin] PHP Warning:  Undefined variable $email in C:\xampp\htdocs\ArgaoChurch\View\PageStaff\header.php on line 311
[11-Nov-2024 17:39:18 Europe/Berlin] PHP Deprecated:  Optional parameter $eventType declared before required parameter $regId is implicitly treated as a required parameter in C:\xampp\htdocs\ArgaoChurch\Model\citizen_mod.php on line 410
[11-Nov-2024 17:39:18 Europe/Berlin] PHP Deprecated:  Optional parameter $eventType declared before required parameter $regId is implicitly treated as a required parameter in C:\xampp\htdocs\ArgaoChurch\Model\citizen_mod.php on line 1314
[11-Nov-2024 17:39:18 Europe/Berlin] PHP Deprecated:  Optional parameter $eventType declared before required parameter $regId is implicitly treated as a required parameter in C:\xampp\htdocs\ArgaoChurch\Model\citizen_mod.php on line 1741
[11-Nov-2024 17:42:20 Europe/Berlin] PHP Deprecated:  Optional parameter $eventType declared before required parameter $regId is implicitly treated as a required parameter in C:\xampp\htdocs\ArgaoChurch\Model\citizen_mod.php on line 410
[11-Nov-2024 17:42:20 Europe/Berlin] PHP Deprecated:  Optional parameter $eventType declared before required parameter $regId is implicitly treated as a required parameter in C:\xampp\htdocs\ArgaoChurch\Model\citizen_mod.php on line 1314
[11-Nov-2024 17:42:20 Europe/Berlin] PHP Deprecated:  Optional parameter $eventType declared before required parameter $regId is implicitly treated as a required parameter in C:\xampp\htdocs\ArgaoChurch\Model\citizen_mod.php on line 1741
[11-Nov-2024 17:42:40 Europe/Berlin] PHP Deprecated:  Optional parameter $eventType declared before required parameter $regId is implicitly treated as a required parameter in C:\xampp\htdocs\ArgaoChurch\Model\citizen_mod.php on line 410
[11-Nov-2024 17:42:40 Europe/Berlin] PHP Deprecated:  Optional parameter $eventType declared before required parameter $regId is implicitly treated as a required parameter in C:\xampp\htdocs\ArgaoChurch\Model\citizen_mod.php on line 1314
[11-Nov-2024 17:42:40 Europe/Berlin] PHP Deprecated:  Optional parameter $eventType declared before required parameter $regId is implicitly treated as a required parameter in C:\xampp\htdocs\ArgaoChurch\Model\citizen_mod.php on line 1741
[11-Nov-2024 17:43:09 Europe/Berlin] PHP Deprecated:  Optional parameter $eventType declared before required parameter $regId is implicitly treated as a required parameter in C:\xampp\htdocs\ArgaoChurch\Model\citizen_mod.php on line 410
[11-Nov-2024 17:43:09 Europe/Berlin] PHP Deprecated:  Optional parameter $eventType declared before required parameter $regId is implicitly treated as a required parameter in C:\xampp\htdocs\ArgaoChurch\Model\citizen_mod.php on line 1314
[11-Nov-2024 17:43:09 Europe/Berlin] PHP Deprecated:  Optional parameter $eventType declared before required parameter $regId is implicitly treated as a required parameter in C:\xampp\htdocs\ArgaoChurch\Model\citizen_mod.php on line 1741
[11-Nov-2024 17:43:16 Europe/Berlin] PHP Deprecated:  Optional parameter $eventType declared before required parameter $regId is implicitly treated as a required parameter in C:\xampp\htdocs\ArgaoChurch\Model\citizen_mod.php on line 410
[11-Nov-2024 17:43:16 Europe/Berlin] PHP Deprecated:  Optional parameter $eventType declared before required parameter $regId is implicitly treated as a required parameter in C:\xampp\htdocs\ArgaoChurch\Model\citizen_mod.php on line 1314
[11-Nov-2024 17:43:16 Europe/Berlin] PHP Deprecated:  Optional parameter $eventType declared before required parameter $regId is implicitly treated as a required parameter in C:\xampp\htdocs\ArgaoChurch\Model\citizen_mod.php on line 1741
[11-Nov-2024 17:43:25 Europe/Berlin] PHP Deprecated:  Optional parameter $eventType declared before required parameter $regId is implicitly treated as a required parameter in C:\xampp\htdocs\ArgaoChurch\Model\citizen_mod.php on line 410
[11-Nov-2024 17:43:25 Europe/Berlin] PHP Deprecated:  Optional parameter $eventType declared before required parameter $regId is implicitly treated as a required parameter in C:\xampp\htdocs\ArgaoChurch\Model\citizen_mod.php on line 1314
[11-Nov-2024 17:43:25 Europe/Berlin] PHP Deprecated:  Optional parameter $eventType declared before required parameter $regId is implicitly treated as a required parameter in C:\xampp\htdocs\ArgaoChurch\Model\citizen_mod.php on line 1741
[11-Nov-2024 17:45:08 Europe/Berlin] PHP Deprecated:  Optional parameter $eventType declared before required parameter $regId is implicitly treated as a required parameter in C:\xampp\htdocs\ArgaoChurch\Model\citizen_mod.php on line 410
[11-Nov-2024 17:45:08 Europe/Berlin] PHP Deprecated:  Optional parameter $eventType declared before required parameter $regId is implicitly treated as a required parameter in C:\xampp\htdocs\ArgaoChurch\Model\citizen_mod.php on line 1314
[11-Nov-2024 17:45:08 Europe/Berlin] PHP Deprecated:  Optional parameter $eventType declared before required parameter $regId is implicitly treated as a required parameter in C:\xampp\htdocs\ArgaoChurch\Model\citizen_mod.php on line 1741
[11-Nov-2024 17:45:14 Europe/Berlin] PHP Deprecated:  Optional parameter $eventType declared before required parameter $regId is implicitly treated as a required parameter in C:\xampp\htdocs\ArgaoChurch\Model\citizen_mod.php on line 410
[11-Nov-2024 17:45:14 Europe/Berlin] PHP Deprecated:  Optional parameter $eventType declared before required parameter $regId is implicitly treated as a required parameter in C:\xampp\htdocs\ArgaoChurch\Model\citizen_mod.php on line 1314
[11-Nov-2024 17:45:14 Europe/Berlin] PHP Deprecated:  Optional parameter $eventType declared before required parameter $regId is implicitly treated as a required parameter in C:\xampp\htdocs\ArgaoChurch\Model\citizen_mod.php on line 1741
[11-Nov-2024 17:45:21 Europe/Berlin] PHP Deprecated:  Optional parameter $eventType declared before required parameter $regId is implicitly treated as a required parameter in C:\xampp\htdocs\ArgaoChurch\Model\citizen_mod.php on line 410
[11-Nov-2024 17:45:21 Europe/Berlin] PHP Deprecated:  Optional parameter $eventType declared before required parameter $regId is implicitly treated as a required parameter in C:\xampp\htdocs\ArgaoChurch\Model\citizen_mod.php on line 1314
[11-Nov-2024 17:45:21 Europe/Berlin] PHP Deprecated:  Optional parameter $eventType declared before required parameter $regId is implicitly treated as a required parameter in C:\xampp\htdocs\ArgaoChurch\Model\citizen_mod.php on line 1741
[11-Nov-2024 17:45:27 Europe/Berlin] PHP Deprecated:  Optional parameter $eventType declared before required parameter $regId is implicitly treated as a required parameter in C:\xampp\htdocs\ArgaoChurch\Model\citizen_mod.php on line 410
[11-Nov-2024 17:45:27 Europe/Berlin] PHP Deprecated:  Optional parameter $eventType declared before required parameter $regId is implicitly treated as a required parameter in C:\xampp\htdocs\ArgaoChurch\Model\citizen_mod.php on line 1314
[11-Nov-2024 17:45:27 Europe/Berlin] PHP Deprecated:  Optional parameter $eventType declared before required parameter $regId is implicitly treated as a required parameter in C:\xampp\htdocs\ArgaoChurch\Model\citizen_mod.php on line 1741
[11-Nov-2024 17:49:23 Europe/Berlin] PHP Deprecated:  Optional parameter $eventType declared before required parameter $regId is implicitly treated as a required parameter in C:\xampp\htdocs\ArgaoChurch\Model\citizen_mod.php on line 410
[11-Nov-2024 17:49:23 Europe/Berlin] PHP Deprecated:  Optional parameter $eventType declared before required parameter $regId is implicitly treated as a required parameter in C:\xampp\htdocs\ArgaoChurch\Model\citizen_mod.php on line 1314
[11-Nov-2024 17:49:23 Europe/Berlin] PHP Deprecated:  Optional parameter $eventType declared before required parameter $regId is implicitly treated as a required parameter in C:\xampp\htdocs\ArgaoChurch\Model\citizen_mod.php on line 1741
[11-Nov-2024 17:49:32 Europe/Berlin] PHP Deprecated:  Optional parameter $eventType declared before required parameter $regId is implicitly treated as a required parameter in C:\xampp\htdocs\ArgaoChurch\Model\citizen_mod.php on line 410
[11-Nov-2024 17:49:32 Europe/Berlin] PHP Deprecated:  Optional parameter $eventType declared before required parameter $regId is implicitly treated as a required parameter in C:\xampp\htdocs\ArgaoChurch\Model\citizen_mod.php on line 1314
[11-Nov-2024 17:49:32 Europe/Berlin] PHP Deprecated:  Optional parameter $eventType declared before required parameter $regId is implicitly treated as a required parameter in C:\xampp\htdocs\ArgaoChurch\Model\citizen_mod.php on line 1741
[11-Nov-2024 17:50:10 Europe/Berlin] PHP Deprecated:  Optional parameter $eventType declared before required parameter $regId is implicitly treated as a required parameter in C:\xampp\htdocs\ArgaoChurch\Model\citizen_mod.php on line 410
[11-Nov-2024 17:50:10 Europe/Berlin] PHP Deprecated:  Optional parameter $eventType declared before required parameter $regId is implicitly treated as a required parameter in C:\xampp\htdocs\ArgaoChurch\Model\citizen_mod.php on line 1314
[11-Nov-2024 17:50:10 Europe/Berlin] PHP Deprecated:  Optional parameter $eventType declared before required parameter $regId is implicitly treated as a required parameter in C:\xampp\htdocs\ArgaoChurch\Model\citizen_mod.php on line 1741
[11-Nov-2024 17:50:14 Europe/Berlin] PHP Deprecated:  Optional parameter $eventType declared before required parameter $regId is implicitly treated as a required parameter in C:\xampp\htdocs\ArgaoChurch\Model\citizen_mod.php on line 410
[11-Nov-2024 17:50:14 Europe/Berlin] PHP Deprecated:  Optional parameter $eventType declared before required parameter $regId is implicitly treated as a required parameter in C:\xampp\htdocs\ArgaoChurch\Model\citizen_mod.php on line 1314
[11-Nov-2024 17:50:14 Europe/Berlin] PHP Deprecated:  Optional parameter $eventType declared before required parameter $regId is implicitly treated as a required parameter in C:\xampp\htdocs\ArgaoChurch\Model\citizen_mod.php on line 1741
[11-Nov-2024 17:50:18 Europe/Berlin] PHP Deprecated:  Optional parameter $eventType declared before required parameter $regId is implicitly treated as a required parameter in C:\xampp\htdocs\ArgaoChurch\Model\citizen_mod.php on line 410
[11-Nov-2024 17:50:18 Europe/Berlin] PHP Deprecated:  Optional parameter $eventType declared before required parameter $regId is implicitly treated as a required parameter in C:\xampp\htdocs\ArgaoChurch\Model\citizen_mod.php on line 1314
[11-Nov-2024 17:50:18 Europe/Berlin] PHP Deprecated:  Optional parameter $eventType declared before required parameter $regId is implicitly treated as a required parameter in C:\xampp\htdocs\ArgaoChurch\Model\citizen_mod.php on line 1741
[11-Nov-2024 17:50:32 Europe/Berlin] PHP Deprecated:  Optional parameter $eventType declared before required parameter $regId is implicitly treated as a required parameter in C:\xampp\htdocs\ArgaoChurch\Model\citizen_mod.php on line 410
[11-Nov-2024 17:50:32 Europe/Berlin] PHP Deprecated:  Optional parameter $eventType declared before required parameter $regId is implicitly treated as a required parameter in C:\xampp\htdocs\ArgaoChurch\Model\citizen_mod.php on line 1314
[11-Nov-2024 17:50:32 Europe/Berlin] PHP Deprecated:  Optional parameter $eventType declared before required parameter $regId is implicitly treated as a required parameter in C:\xampp\htdocs\ArgaoChurch\Model\citizen_mod.php on line 1741
[11-Nov-2024 17:50:45 Europe/Berlin] PHP Deprecated:  Optional parameter $eventType declared before required parameter $regId is implicitly treated as a required parameter in C:\xampp\htdocs\ArgaoChurch\Model\citizen_mod.php on line 410
[11-Nov-2024 17:50:45 Europe/Berlin] PHP Deprecated:  Optional parameter $eventType declared before required parameter $regId is implicitly treated as a required parameter in C:\xampp\htdocs\ArgaoChurch\Model\citizen_mod.php on line 1314
[11-Nov-2024 17:50:45 Europe/Berlin] PHP Deprecated:  Optional parameter $eventType declared before required parameter $regId is implicitly treated as a required parameter in C:\xampp\htdocs\ArgaoChurch\Model\citizen_mod.php on line 1741
[11-Nov-2024 17:50:56 Europe/Berlin] PHP Deprecated:  Optional parameter $eventType declared before required parameter $regId is implicitly treated as a required parameter in C:\xampp\htdocs\ArgaoChurch\Model\citizen_mod.php on line 410
[11-Nov-2024 17:50:56 Europe/Berlin] PHP Deprecated:  Optional parameter $eventType declared before required parameter $regId is implicitly treated as a required parameter in C:\xampp\htdocs\ArgaoChurch\Model\citizen_mod.php on line 1314
[11-Nov-2024 17:50:56 Europe/Berlin] PHP Deprecated:  Optional parameter $eventType declared before required parameter $regId is implicitly treated as a required parameter in C:\xampp\htdocs\ArgaoChurch\Model\citizen_mod.php on line 1741
[11-Nov-2024 17:55:31 Europe/Berlin] PHP Warning:  Undefined variable $email in C:\xampp\htdocs\ArgaoChurch\View\PageStaff\header.php on line 311
[11-Nov-2024 17:55:40 Europe/Berlin] PHP Deprecated:  Optional parameter $eventType declared before required parameter $regId is implicitly treated as a required parameter in C:\xampp\htdocs\ArgaoChurch\Model\citizen_mod.php on line 410
[11-Nov-2024 17:55:40 Europe/Berlin] PHP Deprecated:  Optional parameter $eventType declared before required parameter $regId is implicitly treated as a required parameter in C:\xampp\htdocs\ArgaoChurch\Model\citizen_mod.php on line 1314
[11-Nov-2024 17:55:40 Europe/Berlin] PHP Deprecated:  Optional parameter $eventType declared before required parameter $regId is implicitly treated as a required parameter in C:\xampp\htdocs\ArgaoChurch\Model\citizen_mod.php on line 1741
[11-Nov-2024 17:55:45 Europe/Berlin] PHP Deprecated:  Optional parameter $eventType declared before required parameter $regId is implicitly treated as a required parameter in C:\xampp\htdocs\ArgaoChurch\Model\citizen_mod.php on line 410
[11-Nov-2024 17:55:45 Europe/Berlin] PHP Deprecated:  Optional parameter $eventType declared before required parameter $regId is implicitly treated as a required parameter in C:\xampp\htdocs\ArgaoChurch\Model\citizen_mod.php on line 1314
[11-Nov-2024 17:55:45 Europe/Berlin] PHP Deprecated:  Optional parameter $eventType declared before required parameter $regId is implicitly treated as a required parameter in C:\xampp\htdocs\ArgaoChurch\Model\citizen_mod.php on line 1741
[11-Nov-2024 17:55:47 Europe/Berlin] PHP Warning:  Undefined variable $email in C:\xampp\htdocs\ArgaoChurch\View\PageStaff\header.php on line 311
[11-Nov-2024 17:55:49 Europe/Berlin] PHP Deprecated:  Optional parameter $eventType declared before required parameter $regId is implicitly treated as a required parameter in C:\xampp\htdocs\ArgaoChurch\Model\citizen_mod.php on line 410
[11-Nov-2024 17:55:49 Europe/Berlin] PHP Deprecated:  Optional parameter $eventType declared before required parameter $regId is implicitly treated as a required parameter in C:\xampp\htdocs\ArgaoChurch\Model\citizen_mod.php on line 1314
[11-Nov-2024 17:55:49 Europe/Berlin] PHP Deprecated:  Optional parameter $eventType declared before required parameter $regId is implicitly treated as a required parameter in C:\xampp\htdocs\ArgaoChurch\Model\citizen_mod.php on line 1741
[11-Nov-2024 17:56:20 Europe/Berlin] PHP Deprecated:  Optional parameter $eventType declared before required parameter $regId is implicitly treated as a required parameter in C:\xampp\htdocs\ArgaoChurch\Model\citizen_mod.php on line 410
[11-Nov-2024 17:56:20 Europe/Berlin] PHP Deprecated:  Optional parameter $eventType declared before required parameter $regId is implicitly treated as a required parameter in C:\xampp\htdocs\ArgaoChurch\Model\citizen_mod.php on line 1314
[11-Nov-2024 17:56:20 Europe/Berlin] PHP Deprecated:  Optional parameter $eventType declared before required parameter $regId is implicitly treated as a required parameter in C:\xampp\htdocs\ArgaoChurch\Model\citizen_mod.php on line 1741
[11-Nov-2024 17:56:37 Europe/Berlin] PHP Deprecated:  Optional parameter $eventType declared before required parameter $regId is implicitly treated as a required parameter in C:\xampp\htdocs\ArgaoChurch\Model\citizen_mod.php on line 410
[11-Nov-2024 17:56:37 Europe/Berlin] PHP Deprecated:  Optional parameter $eventType declared before required parameter $regId is implicitly treated as a required parameter in C:\xampp\htdocs\ArgaoChurch\Model\citizen_mod.php on line 1314
[11-Nov-2024 17:56:37 Europe/Berlin] PHP Deprecated:  Optional parameter $eventType declared before required parameter $regId is implicitly treated as a required parameter in C:\xampp\htdocs\ArgaoChurch\Model\citizen_mod.php on line 1741
[11-Nov-2024 17:57:12 Europe/Berlin] PHP Deprecated:  Optional parameter $eventType declared before required parameter $regId is implicitly treated as a required parameter in C:\xampp\htdocs\ArgaoChurch\Model\citizen_mod.php on line 410
[11-Nov-2024 17:57:12 Europe/Berlin] PHP Deprecated:  Optional parameter $eventType declared before required parameter $regId is implicitly treated as a required parameter in C:\xampp\htdocs\ArgaoChurch\Model\citizen_mod.php on line 1314
[11-Nov-2024 17:57:12 Europe/Berlin] PHP Deprecated:  Optional parameter $eventType declared before required parameter $regId is implicitly treated as a required parameter in C:\xampp\htdocs\ArgaoChurch\Model\citizen_mod.php on line 1741
[11-Nov-2024 18:02:48 Europe/Berlin] PHP Deprecated:  Optional parameter $eventType declared before required parameter $regId is implicitly treated as a required parameter in C:\xampp\htdocs\ArgaoChurch\Model\citizen_mod.php on line 410
[11-Nov-2024 18:02:48 Europe/Berlin] PHP Deprecated:  Optional parameter $eventType declared before required parameter $regId is implicitly treated as a required parameter in C:\xampp\htdocs\ArgaoChurch\Model\citizen_mod.php on line 1314
[11-Nov-2024 18:02:48 Europe/Berlin] PHP Deprecated:  Optional parameter $eventType declared before required parameter $regId is implicitly treated as a required parameter in C:\xampp\htdocs\ArgaoChurch\Model\citizen_mod.php on line 1741
[11-Nov-2024 18:03:05 Europe/Berlin] PHP Deprecated:  Optional parameter $eventType declared before required parameter $regId is implicitly treated as a required parameter in C:\xampp\htdocs\ArgaoChurch\Model\citizen_mod.php on line 410
[11-Nov-2024 18:03:05 Europe/Berlin] PHP Deprecated:  Optional parameter $eventType declared before required parameter $regId is implicitly treated as a required parameter in C:\xampp\htdocs\ArgaoChurch\Model\citizen_mod.php on line 1314
[11-Nov-2024 18:03:05 Europe/Berlin] PHP Deprecated:  Optional parameter $eventType declared before required parameter $regId is implicitly treated as a required parameter in C:\xampp\htdocs\ArgaoChurch\Model\citizen_mod.php on line 1741
[11-Nov-2024 18:03:17 Europe/Berlin] PHP Deprecated:  Optional parameter $eventType declared before required parameter $regId is implicitly treated as a required parameter in C:\xampp\htdocs\ArgaoChurch\Model\citizen_mod.php on line 410
[11-Nov-2024 18:03:17 Europe/Berlin] PHP Deprecated:  Optional parameter $eventType declared before required parameter $regId is implicitly treated as a required parameter in C:\xampp\htdocs\ArgaoChurch\Model\citizen_mod.php on line 1314
[11-Nov-2024 18:03:17 Europe/Berlin] PHP Deprecated:  Optional parameter $eventType declared before required parameter $regId is implicitly treated as a required parameter in C:\xampp\htdocs\ArgaoChurch\Model\citizen_mod.php on line 1741
[11-Nov-2024 18:04:36 Europe/Berlin] PHP Deprecated:  Optional parameter $eventType declared before required parameter $regId is implicitly treated as a required parameter in C:\xampp\htdocs\ArgaoChurch\Model\citizen_mod.php on line 410
[11-Nov-2024 18:04:36 Europe/Berlin] PHP Deprecated:  Optional parameter $eventType declared before required parameter $regId is implicitly treated as a required parameter in C:\xampp\htdocs\ArgaoChurch\Model\citizen_mod.php on line 1314
[11-Nov-2024 18:04:36 Europe/Berlin] PHP Deprecated:  Optional parameter $eventType declared before required parameter $regId is implicitly treated as a required parameter in C:\xampp\htdocs\ArgaoChurch\Model\citizen_mod.php on line 1741
