[11-Nov-2024 15:57:03 Europe/Berlin] PHP Deprecated:  Optional parameter $eventType declared before required parameter $regId is implicitly treated as a required parameter in C:\xampp\htdocs\ArgaoChurch\Model\citizen_mod.php on line 410
[11-Nov-2024 15:57:03 Europe/Berlin] PHP Deprecated:  Optional parameter $eventType declared before required parameter $regId is implicitly treated as a required parameter in C:\xampp\htdocs\ArgaoChurch\Model\citizen_mod.php on line 1314
[11-Nov-2024 15:57:03 Europe/Berlin] PHP Deprecated:  Optional parameter $eventType declared before required parameter $regId is implicitly treated as a required parameter in C:\xampp\htdocs\ArgaoChurch\Model\citizen_mod.php on line 1741
[11-Nov-2024 15:58:08 Europe/Berlin] PHP Deprecated:  Optional parameter $eventType declared before required parameter $regId is implicitly treated as a required parameter in C:\xampp\htdocs\ArgaoChurch\Model\citizen_mod.php on line 410
[11-Nov-2024 15:58:08 Europe/Berlin] PHP Deprecated:  Optional parameter $eventType declared before required parameter $regId is implicitly treated as a required parameter in C:\xampp\htdocs\ArgaoChurch\Model\citizen_mod.php on line 1314
[11-Nov-2024 15:58:08 Europe/Berlin] PHP Deprecated:  Optional parameter $eventType declared before required parameter $regId is implicitly treated as a required parameter in C:\xampp\htdocs\ArgaoChurch\Model\citizen_mod.php on line 1741
[11-Nov-2024 16:15:48 Europe/Berlin] PHP Deprecated:  Optional parameter $eventType declared before required parameter $regId is implicitly treated as a required parameter in C:\xampp\htdocs\ArgaoChurch\Model\citizen_mod.php on line 410
[11-Nov-2024 16:15:48 Europe/Berlin] PHP Deprecated:  Optional parameter $eventType declared before required parameter $regId is implicitly treated as a required parameter in C:\xampp\htdocs\ArgaoChurch\Model\citizen_mod.php on line 1314
[11-Nov-2024 16:15:48 Europe/Berlin] PHP Deprecated:  Optional parameter $eventType declared before required parameter $regId is implicitly treated as a required parameter in C:\xampp\htdocs\ArgaoChurch\Model\citizen_mod.php on line 1741
[11-Nov-2024 16:19:06 Europe/Berlin] PHP Deprecated:  Optional parameter $eventType declared before required parameter $regId is implicitly treated as a required parameter in C:\xampp\htdocs\ArgaoChurch\Model\citizen_mod.php on line 410
[11-Nov-2024 16:19:06 Europe/Berlin] PHP Deprecated:  Optional parameter $eventType declared before required parameter $regId is implicitly treated as a required parameter in C:\xampp\htdocs\ArgaoChurch\Model\citizen_mod.php on line 1314
[11-Nov-2024 16:19:06 Europe/Berlin] PHP Deprecated:  Optional parameter $eventType declared before required parameter $regId is implicitly treated as a required parameter in C:\xampp\htdocs\ArgaoChurch\Model\citizen_mod.php on line 1741
[12-Nov-2024 16:01:58 Europe/Berlin] PHP Deprecated:  Optional parameter $eventType declared before required parameter $regId is implicitly treated as a required parameter in C:\xampp\htdocs\ArgaoChurch\Model\citizen_mod.php on line 410
[12-Nov-2024 16:01:58 Europe/Berlin] PHP Deprecated:  Optional parameter $eventType declared before required parameter $regId is implicitly treated as a required parameter in C:\xampp\htdocs\ArgaoChurch\Model\citizen_mod.php on line 1314
[12-Nov-2024 16:01:58 Europe/Berlin] PHP Deprecated:  Optional parameter $eventType declared before required parameter $regId is implicitly treated as a required parameter in C:\xampp\htdocs\ArgaoChurch\Model\citizen_mod.php on line 1741
[12-Nov-2024 16:02:31 Europe/Berlin] PHP Deprecated:  Optional parameter $eventType declared before required parameter $regId is implicitly treated as a required parameter in C:\xampp\htdocs\ArgaoChurch\Model\citizen_mod.php on line 410
[12-Nov-2024 16:02:31 Europe/Berlin] PHP Deprecated:  Optional parameter $eventType declared before required parameter $regId is implicitly treated as a required parameter in C:\xampp\htdocs\ArgaoChurch\Model\citizen_mod.php on line 1314
[12-Nov-2024 16:02:31 Europe/Berlin] PHP Deprecated:  Optional parameter $eventType declared before required parameter $regId is implicitly treated as a required parameter in C:\xampp\htdocs\ArgaoChurch\Model\citizen_mod.php on line 1741
[12-Nov-2024 16:02:59 Europe/Berlin] PHP Deprecated:  Optional parameter $eventType declared before required parameter $regId is implicitly treated as a required parameter in C:\xampp\htdocs\ArgaoChurch\Model\citizen_mod.php on line 410
[12-Nov-2024 16:02:59 Europe/Berlin] PHP Deprecated:  Optional parameter $eventType declared before required parameter $regId is implicitly treated as a required parameter in C:\xampp\htdocs\ArgaoChurch\Model\citizen_mod.php on line 1314
[12-Nov-2024 16:02:59 Europe/Berlin] PHP Deprecated:  Optional parameter $eventType declared before required parameter $regId is implicitly treated as a required parameter in C:\xampp\htdocs\ArgaoChurch\Model\citizen_mod.php on line 1741
[12-Nov-2024 16:04:17 Europe/Berlin] PHP Deprecated:  Optional parameter $eventType declared before required parameter $regId is implicitly treated as a required parameter in C:\xampp\htdocs\ArgaoChurch\Model\citizen_mod.php on line 410
[12-Nov-2024 16:04:17 Europe/Berlin] PHP Deprecated:  Optional parameter $eventType declared before required parameter $regId is implicitly treated as a required parameter in C:\xampp\htdocs\ArgaoChurch\Model\citizen_mod.php on line 1314
[12-Nov-2024 16:04:17 Europe/Berlin] PHP Deprecated:  Optional parameter $eventType declared before required parameter $regId is implicitly treated as a required parameter in C:\xampp\htdocs\ArgaoChurch\Model\citizen_mod.php on line 1741
[12-Nov-2024 16:09:17 Europe/Berlin] PHP Deprecated:  Optional parameter $eventType declared before required parameter $regId is implicitly treated as a required parameter in C:\xampp\htdocs\ArgaoChurch\Model\citizen_mod.php on line 410
[12-Nov-2024 16:09:17 Europe/Berlin] PHP Deprecated:  Optional parameter $eventType declared before required parameter $regId is implicitly treated as a required parameter in C:\xampp\htdocs\ArgaoChurch\Model\citizen_mod.php on line 1314
[12-Nov-2024 16:09:17 Europe/Berlin] PHP Deprecated:  Optional parameter $eventType declared before required parameter $regId is implicitly treated as a required parameter in C:\xampp\htdocs\ArgaoChurch\Model\citizen_mod.php on line 1741
[12-Nov-2024 16:09:50 Europe/Berlin] PHP Deprecated:  Optional parameter $eventType declared before required parameter $regId is implicitly treated as a required parameter in C:\xampp\htdocs\ArgaoChurch\Model\citizen_mod.php on line 410
[12-Nov-2024 16:09:50 Europe/Berlin] PHP Deprecated:  Optional parameter $eventType declared before required parameter $regId is implicitly treated as a required parameter in C:\xampp\htdocs\ArgaoChurch\Model\citizen_mod.php on line 1314
[12-Nov-2024 16:09:50 Europe/Berlin] PHP Deprecated:  Optional parameter $eventType declared before required parameter $regId is implicitly treated as a required parameter in C:\xampp\htdocs\ArgaoChurch\Model\citizen_mod.php on line 1741
[12-Nov-2024 16:10:12 Europe/Berlin] PHP Deprecated:  Optional parameter $eventType declared before required parameter $regId is implicitly treated as a required parameter in C:\xampp\htdocs\ArgaoChurch\Model\citizen_mod.php on line 410
[12-Nov-2024 16:10:12 Europe/Berlin] PHP Deprecated:  Optional parameter $eventType declared before required parameter $regId is implicitly treated as a required parameter in C:\xampp\htdocs\ArgaoChurch\Model\citizen_mod.php on line 1314
[12-Nov-2024 16:10:12 Europe/Berlin] PHP Deprecated:  Optional parameter $eventType declared before required parameter $regId is implicitly treated as a required parameter in C:\xampp\htdocs\ArgaoChurch\Model\citizen_mod.php on line 1741
[13-Nov-2024 16:19:46 Europe/Berlin] PHP Notice:  session_start(): Ignoring session_start() because a session is already active in C:\xampp\htdocs\ArgaoChurch\View\PageCitizen\FillBaptismForm.php on line 5
[13-Nov-2024 16:22:40 Europe/Berlin] PHP Notice:  session_start(): Ignoring session_start() because a session is already active in C:\xampp\htdocs\ArgaoChurch\View\PageCitizen\FillConfirmationForm.php on line 5
[13-Nov-2024 16:24:17 Europe/Berlin] PHP Notice:  session_start(): Ignoring session_start() because a session is already active in C:\xampp\htdocs\ArgaoChurch\View\PageCitizen\FillFuneralForm.php on line 5
[13-Nov-2024 16:24:28 Europe/Berlin] PHP Notice:  session_start(): Ignoring session_start() because a session is already active in C:\xampp\htdocs\ArgaoChurch\View\PageCitizen\FillFuneralForm.php on line 5
[13-Nov-2024 16:31:23 Europe/Berlin] PHP Deprecated:  Optional parameter $eventType declared before required parameter $regId is implicitly treated as a required parameter in C:\xampp\htdocs\ArgaoChurch\Model\citizen_mod.php on line 410
[13-Nov-2024 16:31:23 Europe/Berlin] PHP Deprecated:  Optional parameter $eventType declared before required parameter $regId is implicitly treated as a required parameter in C:\xampp\htdocs\ArgaoChurch\Model\citizen_mod.php on line 1314
[13-Nov-2024 16:31:23 Europe/Berlin] PHP Deprecated:  Optional parameter $eventType declared before required parameter $regId is implicitly treated as a required parameter in C:\xampp\htdocs\ArgaoChurch\Model\citizen_mod.php on line 1741
[13-Nov-2024 16:47:14 Europe/Berlin] PHP Warning:  Trying to access array offset on value of type null in C:\xampp\htdocs\ArgaoChurch\View\PageCitizen\MassFillBaptismForm.php on line 43
[13-Nov-2024 16:47:14 Europe/Berlin] PHP Deprecated:  strtotime(): Passing null to parameter #1 ($datetime) of type string is deprecated in C:\xampp\htdocs\ArgaoChurch\View\PageCitizen\MassFillBaptismForm.php on line 44
[13-Nov-2024 16:47:14 Europe/Berlin] PHP Warning:  Trying to access array offset on value of type null in C:\xampp\htdocs\ArgaoChurch\View\PageCitizen\MassFillBaptismForm.php on line 45
[13-Nov-2024 16:47:14 Europe/Berlin] PHP Deprecated:  strtotime(): Passing null to parameter #1 ($datetime) of type string is deprecated in C:\xampp\htdocs\ArgaoChurch\View\PageCitizen\MassFillBaptismForm.php on line 46
[13-Nov-2024 16:47:14 Europe/Berlin] PHP Warning:  Trying to access array offset on value of type null in C:\xampp\htdocs\ArgaoChurch\View\PageCitizen\MassFillBaptismForm.php on line 222
[13-Nov-2024 16:47:14 Europe/Berlin] PHP Deprecated:  htmlspecialchars(): Passing null to parameter #1 ($string) of type string is deprecated in C:\xampp\htdocs\ArgaoChurch\View\PageCitizen\MassFillBaptismForm.php on line 222
[14-Nov-2024 13:02:39 Europe/Berlin] PHP Notice:  session_start(): Ignoring session_start() because a session is already active in C:\xampp\htdocs\ArgaoChurch\View\PageCitizen\FillScheduleForm.php on line 5
[14-Nov-2024 13:02:43 Europe/Berlin] PHP Notice:  session_start(): Ignoring session_start() because a session is already active in C:\xampp\htdocs\ArgaoChurch\View\PageCitizen\FillBaptismForm.php on line 5
[14-Nov-2024 13:17:39 Europe/Berlin] PHP Notice:  session_start(): Ignoring session_start() because a session is already active in C:\xampp\htdocs\ArgaoChurch\View\PageCitizen\FillScheduleForm.php on line 5
[14-Nov-2024 13:17:43 Europe/Berlin] PHP Notice:  session_start(): Ignoring session_start() because a session is already active in C:\xampp\htdocs\ArgaoChurch\View\PageCitizen\FillBaptismForm.php on line 5
[14-Nov-2024 13:29:20 Europe/Berlin] PHP Notice:  session_start(): Ignoring session_start() because a session is already active in C:\xampp\htdocs\ArgaoChurch\View\PageCitizen\FillScheduleForm.php on line 5
[14-Nov-2024 13:29:23 Europe/Berlin] PHP Notice:  session_start(): Ignoring session_start() because a session is already active in C:\xampp\htdocs\ArgaoChurch\View\PageCitizen\FillBaptismForm.php on line 5
[14-Nov-2024 13:36:13 Europe/Berlin] PHP Notice:  session_start(): Ignoring session_start() because a session is already active in C:\xampp\htdocs\ArgaoChurch\View\PageCitizen\FillScheduleForm.php on line 5
[14-Nov-2024 13:36:17 Europe/Berlin] PHP Notice:  session_start(): Ignoring session_start() because a session is already active in C:\xampp\htdocs\ArgaoChurch\View\PageCitizen\FillBaptismForm.php on line 5
[14-Nov-2024 13:40:55 Europe/Berlin] PHP Notice:  session_start(): Ignoring session_start() because a session is already active in C:\xampp\htdocs\ArgaoChurch\View\PageCitizen\FillScheduleForm.php on line 5
[14-Nov-2024 13:40:58 Europe/Berlin] PHP Notice:  session_start(): Ignoring session_start() because a session is already active in C:\xampp\htdocs\ArgaoChurch\View\PageCitizen\FillBaptismForm.php on line 5
[14-Nov-2024 13:53:11 Europe/Berlin] PHP Notice:  session_start(): Ignoring session_start() because a session is already active in C:\xampp\htdocs\ArgaoChurch\View\PageCitizen\FillScheduleForm.php on line 5
[14-Nov-2024 13:53:16 Europe/Berlin] PHP Notice:  session_start(): Ignoring session_start() because a session is already active in C:\xampp\htdocs\ArgaoChurch\View\PageCitizen\FillBaptismForm.php on line 5
[14-Nov-2024 13:58:04 Europe/Berlin] PHP Notice:  session_start(): Ignoring session_start() because a session is already active in C:\xampp\htdocs\ArgaoChurch\View\PageCitizen\FillScheduleForm.php on line 5
[14-Nov-2024 13:58:08 Europe/Berlin] PHP Notice:  session_start(): Ignoring session_start() because a session is already active in C:\xampp\htdocs\ArgaoChurch\View\PageCitizen\FillBaptismForm.php on line 5
[14-Nov-2024 14:01:37 Europe/Berlin] PHP Notice:  session_start(): Ignoring session_start() because a session is already active in C:\xampp\htdocs\ArgaoChurch\View\PageCitizen\FillScheduleForm.php on line 5
[14-Nov-2024 14:01:41 Europe/Berlin] PHP Notice:  session_start(): Ignoring session_start() because a session is already active in C:\xampp\htdocs\ArgaoChurch\View\PageCitizen\FillBaptismForm.php on line 5
[14-Nov-2024 14:05:44 Europe/Berlin] PHP Notice:  session_start(): Ignoring session_start() because a session is already active in C:\xampp\htdocs\ArgaoChurch\View\PageCitizen\FillScheduleForm.php on line 5
[14-Nov-2024 14:05:48 Europe/Berlin] PHP Notice:  session_start(): Ignoring session_start() because a session is already active in C:\xampp\htdocs\ArgaoChurch\View\PageCitizen\FillBaptismForm.php on line 5
[14-Nov-2024 14:07:58 Europe/Berlin] PHP Notice:  session_start(): Ignoring session_start() because a session is already active in C:\xampp\htdocs\ArgaoChurch\View\PageCitizen\FillScheduleForm.php on line 5
[14-Nov-2024 14:08:02 Europe/Berlin] PHP Notice:  session_start(): Ignoring session_start() because a session is already active in C:\xampp\htdocs\ArgaoChurch\View\PageCitizen\FillBaptismForm.php on line 5
[14-Nov-2024 14:12:17 Europe/Berlin] PHP Notice:  session_start(): Ignoring session_start() because a session is already active in C:\xampp\htdocs\ArgaoChurch\View\PageCitizen\FillScheduleForm.php on line 5
[14-Nov-2024 14:12:20 Europe/Berlin] PHP Notice:  session_start(): Ignoring session_start() because a session is already active in C:\xampp\htdocs\ArgaoChurch\View\PageCitizen\FillBaptismForm.php on line 5
[14-Nov-2024 14:18:28 Europe/Berlin] PHP Notice:  session_start(): Ignoring session_start() because a session is already active in C:\xampp\htdocs\ArgaoChurch\View\PageCitizen\FillScheduleForm.php on line 5
[14-Nov-2024 14:18:32 Europe/Berlin] PHP Notice:  session_start(): Ignoring session_start() because a session is already active in C:\xampp\htdocs\ArgaoChurch\View\PageCitizen\FillBaptismForm.php on line 5
[14-Nov-2024 14:36:28 Europe/Berlin] PHP Notice:  session_start(): Ignoring session_start() because a session is already active in C:\xampp\htdocs\ArgaoChurch\View\PageCitizen\FillScheduleForm.php on line 5
[14-Nov-2024 14:36:33 Europe/Berlin] PHP Notice:  session_start(): Ignoring session_start() because a session is already active in C:\xampp\htdocs\ArgaoChurch\View\PageCitizen\FillBaptismForm.php on line 5
[14-Nov-2024 14:38:07 Europe/Berlin] PHP Notice:  session_start(): Ignoring session_start() because a session is already active in C:\xampp\htdocs\ArgaoChurch\View\PageCitizen\FillScheduleForm.php on line 5
[14-Nov-2024 14:38:11 Europe/Berlin] PHP Notice:  session_start(): Ignoring session_start() because a session is already active in C:\xampp\htdocs\ArgaoChurch\View\PageCitizen\FillBaptismForm.php on line 5
[18-Nov-2024 05:41:35 Europe/Berlin] PHP Notice:  session_start(): Ignoring session_start() because a session is already active in D:\xampp\htdocs\ArgaoChurch\View\PageCitizen\FillScheduleForm.php on line 5
[18-Nov-2024 05:42:30 Europe/Berlin] PHP Notice:  session_start(): Ignoring session_start() because a session is already active in D:\xampp\htdocs\ArgaoChurch\View\PageCitizen\FillScheduleForm.php on line 5
[18-Nov-2024 05:49:00 Europe/Berlin] PHP Notice:  session_start(): Ignoring session_start() because a session is already active in D:\xampp\htdocs\ArgaoChurch\View\PageCitizen\FillScheduleForm.php on line 5
[18-Nov-2024 05:49:59 Europe/Berlin] PHP Notice:  session_start(): Ignoring session_start() because a session is already active in D:\xampp\htdocs\ArgaoChurch\View\PageCitizen\FillScheduleForm.php on line 5
[18-Nov-2024 05:50:01 Europe/Berlin] PHP Notice:  session_start(): Ignoring session_start() because a session is already active in D:\xampp\htdocs\ArgaoChurch\View\PageCitizen\FillScheduleForm.php on line 5
[18-Nov-2024 05:52:17 Europe/Berlin] PHP Notice:  session_start(): Ignoring session_start() because a session is already active in D:\xampp\htdocs\ArgaoChurch\View\PageCitizen\FillScheduleForm.php on line 5
[18-Nov-2024 05:53:37 Europe/Berlin] PHP Notice:  session_start(): Ignoring session_start() because a session is already active in D:\xampp\htdocs\ArgaoChurch\View\PageCitizen\FillScheduleForm.php on line 5
[18-Nov-2024 05:55:02 Europe/Berlin] PHP Notice:  session_start(): Ignoring session_start() because a session is already active in D:\xampp\htdocs\ArgaoChurch\View\PageCitizen\FillScheduleForm.php on line 5
[18-Nov-2024 06:01:26 Europe/Berlin] PHP Notice:  session_start(): Ignoring session_start() because a session is already active in D:\xampp\htdocs\ArgaoChurch\View\PageCitizen\FillScheduleForm.php on line 5
[18-Nov-2024 06:01:48 Europe/Berlin] PHP Notice:  session_start(): Ignoring session_start() because a session is already active in D:\xampp\htdocs\ArgaoChurch\View\PageCitizen\FillScheduleForm.php on line 5
[18-Nov-2024 06:05:07 Europe/Berlin] PHP Notice:  session_start(): Ignoring session_start() because a session is already active in D:\xampp\htdocs\ArgaoChurch\View\PageCitizen\FillScheduleForm.php on line 5
[18-Nov-2024 06:05:17 Europe/Berlin] PHP Notice:  session_start(): Ignoring session_start() because a session is already active in D:\xampp\htdocs\ArgaoChurch\View\PageCitizen\FillScheduleForm.php on line 5
[18-Nov-2024 06:07:07 Europe/Berlin] PHP Notice:  session_start(): Ignoring session_start() because a session is already active in D:\xampp\htdocs\ArgaoChurch\View\PageCitizen\FillScheduleForm.php on line 5
[18-Nov-2024 06:10:22 Europe/Berlin] PHP Notice:  session_start(): Ignoring session_start() because a session is already active in D:\xampp\htdocs\ArgaoChurch\View\PageCitizen\FillScheduleForm.php on line 5
[18-Nov-2024 06:10:51 Europe/Berlin] PHP Notice:  session_start(): Ignoring session_start() because a session is already active in D:\xampp\htdocs\ArgaoChurch\View\PageCitizen\FillScheduleForm.php on line 5
[18-Nov-2024 06:12:15 Europe/Berlin] PHP Notice:  session_start(): Ignoring session_start() because a session is already active in D:\xampp\htdocs\ArgaoChurch\View\PageCitizen\FillScheduleForm.php on line 5
[18-Nov-2024 06:14:38 Europe/Berlin] PHP Notice:  session_start(): Ignoring session_start() because a session is already active in D:\xampp\htdocs\ArgaoChurch\View\PageCitizen\FillScheduleForm.php on line 5
[18-Nov-2024 06:15:18 Europe/Berlin] PHP Notice:  session_start(): Ignoring session_start() because a session is already active in D:\xampp\htdocs\ArgaoChurch\View\PageCitizen\FillScheduleForm.php on line 5
[18-Nov-2024 06:15:25 Europe/Berlin] PHP Notice:  session_start(): Ignoring session_start() because a session is already active in D:\xampp\htdocs\ArgaoChurch\View\PageCitizen\FillScheduleForm.php on line 5
[18-Nov-2024 06:16:52 Europe/Berlin] PHP Notice:  session_start(): Ignoring session_start() because a session is already active in D:\xampp\htdocs\ArgaoChurch\View\PageCitizen\FillScheduleForm.php on line 5
[18-Nov-2024 06:16:53 Europe/Berlin] PHP Notice:  session_start(): Ignoring session_start() because a session is already active in D:\xampp\htdocs\ArgaoChurch\View\PageCitizen\FillScheduleForm.php on line 5
[18-Nov-2024 06:17:01 Europe/Berlin] PHP Notice:  session_start(): Ignoring session_start() because a session is already active in D:\xampp\htdocs\ArgaoChurch\View\PageCitizen\FillScheduleForm.php on line 5
[18-Nov-2024 06:17:11 Europe/Berlin] PHP Notice:  session_start(): Ignoring session_start() because a session is already active in D:\xampp\htdocs\ArgaoChurch\View\PageCitizen\FillBaptismForm.php on line 5
[18-Nov-2024 06:17:19 Europe/Berlin] PHP Notice:  session_start(): Ignoring session_start() because a session is already active in D:\xampp\htdocs\ArgaoChurch\View\PageCitizen\FillScheduleForm.php on line 5
[18-Nov-2024 06:17:53 Europe/Berlin] PHP Notice:  session_start(): Ignoring session_start() because a session is already active in D:\xampp\htdocs\ArgaoChurch\View\PageCitizen\FillScheduleForm.php on line 5
[18-Nov-2024 06:17:59 Europe/Berlin] PHP Notice:  session_start(): Ignoring session_start() because a session is already active in D:\xampp\htdocs\ArgaoChurch\View\PageCitizen\FillScheduleForm.php on line 5
[18-Nov-2024 06:18:04 Europe/Berlin] PHP Notice:  session_start(): Ignoring session_start() because a session is already active in D:\xampp\htdocs\ArgaoChurch\View\PageCitizen\FillScheduleForm.php on line 5
[18-Nov-2024 06:18:26 Europe/Berlin] PHP Notice:  session_start(): Ignoring session_start() because a session is already active in D:\xampp\htdocs\ArgaoChurch\View\PageCitizen\FillScheduleForm.php on line 5
[18-Nov-2024 06:18:35 Europe/Berlin] PHP Notice:  session_start(): Ignoring session_start() because a session is already active in D:\xampp\htdocs\ArgaoChurch\View\PageCitizen\FillScheduleForm.php on line 5
[18-Nov-2024 06:18:43 Europe/Berlin] PHP Notice:  session_start(): Ignoring session_start() because a session is already active in D:\xampp\htdocs\ArgaoChurch\View\PageCitizen\FillBaptismForm.php on line 5
[18-Nov-2024 06:19:25 Europe/Berlin] PHP Notice:  session_start(): Ignoring session_start() because a session is already active in D:\xampp\htdocs\ArgaoChurch\View\PageCitizen\FillBaptismForm.php on line 5
[18-Nov-2024 06:19:36 Europe/Berlin] PHP Notice:  session_start(): Ignoring session_start() because a session is already active in D:\xampp\htdocs\ArgaoChurch\View\PageCitizen\FillBaptismForm.php on line 5
[18-Nov-2024 06:19:53 Europe/Berlin] PHP Notice:  session_start(): Ignoring session_start() because a session is already active in D:\xampp\htdocs\ArgaoChurch\View\PageCitizen\FillScheduleForm.php on line 5
[18-Nov-2024 06:20:33 Europe/Berlin] PHP Notice:  session_start(): Ignoring session_start() because a session is already active in D:\xampp\htdocs\ArgaoChurch\View\PageCitizen\FillBaptismForm.php on line 5
[18-Nov-2024 06:20:47 Europe/Berlin] PHP Notice:  session_start(): Ignoring session_start() because a session is already active in D:\xampp\htdocs\ArgaoChurch\View\PageCitizen\FillBaptismForm.php on line 5
[18-Nov-2024 06:20:50 Europe/Berlin] PHP Notice:  session_start(): Ignoring session_start() because a session is already active in D:\xampp\htdocs\ArgaoChurch\View\PageCitizen\FillScheduleForm.php on line 5
[18-Nov-2024 06:20:58 Europe/Berlin] PHP Notice:  session_start(): Ignoring session_start() because a session is already active in D:\xampp\htdocs\ArgaoChurch\View\PageCitizen\FillBaptismForm.php on line 5
[18-Nov-2024 06:21:23 Europe/Berlin] PHP Notice:  session_start(): Ignoring session_start() because a session is already active in D:\xampp\htdocs\ArgaoChurch\View\PageCitizen\FillBaptismForm.php on line 5
[18-Nov-2024 06:21:25 Europe/Berlin] PHP Notice:  session_start(): Ignoring session_start() because a session is already active in D:\xampp\htdocs\ArgaoChurch\View\PageCitizen\FillBaptismForm.php on line 5
[18-Nov-2024 06:21:28 Europe/Berlin] PHP Notice:  session_start(): Ignoring session_start() because a session is already active in D:\xampp\htdocs\ArgaoChurch\View\PageCitizen\FillScheduleForm.php on line 5
[18-Nov-2024 06:21:31 Europe/Berlin] PHP Notice:  session_start(): Ignoring session_start() because a session is already active in D:\xampp\htdocs\ArgaoChurch\View\PageCitizen\FillBaptismForm.php on line 5
[18-Nov-2024 06:21:38 Europe/Berlin] PHP Notice:  session_start(): Ignoring session_start() because a session is already active in D:\xampp\htdocs\ArgaoChurch\View\PageCitizen\FillBaptismForm.php on line 5
[18-Nov-2024 06:21:42 Europe/Berlin] PHP Notice:  session_start(): Ignoring session_start() because a session is already active in D:\xampp\htdocs\ArgaoChurch\View\PageCitizen\FillScheduleForm.php on line 5
[18-Nov-2024 06:21:45 Europe/Berlin] PHP Notice:  session_start(): Ignoring session_start() because a session is already active in D:\xampp\htdocs\ArgaoChurch\View\PageCitizen\FillBaptismForm.php on line 5
[18-Nov-2024 06:21:48 Europe/Berlin] PHP Notice:  session_start(): Ignoring session_start() because a session is already active in D:\xampp\htdocs\ArgaoChurch\View\PageCitizen\FillScheduleForm.php on line 5
[18-Nov-2024 06:21:51 Europe/Berlin] PHP Notice:  session_start(): Ignoring session_start() because a session is already active in D:\xampp\htdocs\ArgaoChurch\View\PageCitizen\FillBaptismForm.php on line 5
[18-Nov-2024 06:22:23 Europe/Berlin] PHP Notice:  session_start(): Ignoring session_start() because a session is already active in D:\xampp\htdocs\ArgaoChurch\View\PageCitizen\FillBaptismForm.php on line 5
[18-Nov-2024 06:22:35 Europe/Berlin] PHP Notice:  session_start(): Ignoring session_start() because a session is already active in D:\xampp\htdocs\ArgaoChurch\View\PageCitizen\FillBaptismForm.php on line 5
[18-Nov-2024 06:22:41 Europe/Berlin] PHP Notice:  session_start(): Ignoring session_start() because a session is already active in D:\xampp\htdocs\ArgaoChurch\View\PageCitizen\FillBaptismForm.php on line 5
[18-Nov-2024 06:22:46 Europe/Berlin] PHP Notice:  session_start(): Ignoring session_start() because a session is already active in D:\xampp\htdocs\ArgaoChurch\View\PageCitizen\FillBaptismForm.php on line 5
[18-Nov-2024 06:22:47 Europe/Berlin] PHP Notice:  session_start(): Ignoring session_start() because a session is already active in D:\xampp\htdocs\ArgaoChurch\View\PageCitizen\FillBaptismForm.php on line 5
[18-Nov-2024 06:23:15 Europe/Berlin] PHP Notice:  session_start(): Ignoring session_start() because a session is already active in D:\xampp\htdocs\ArgaoChurch\View\PageCitizen\FillBaptismForm.php on line 5
[18-Nov-2024 06:23:56 Europe/Berlin] PHP Notice:  session_start(): Ignoring session_start() because a session is already active in D:\xampp\htdocs\ArgaoChurch\View\PageCitizen\FillBaptismForm.php on line 5
[18-Nov-2024 06:24:02 Europe/Berlin] PHP Notice:  session_start(): Ignoring session_start() because a session is already active in D:\xampp\htdocs\ArgaoChurch\View\PageCitizen\FillBaptismForm.php on line 5
[18-Nov-2024 06:24:31 Europe/Berlin] PHP Notice:  session_start(): Ignoring session_start() because a session is already active in D:\xampp\htdocs\ArgaoChurch\View\PageCitizen\FillScheduleForm.php on line 5
[18-Nov-2024 06:26:39 Europe/Berlin] PHP Notice:  session_start(): Ignoring session_start() because a session is already active in D:\xampp\htdocs\ArgaoChurch\View\PageCitizen\FillConfirmationForm.php on line 5
[18-Nov-2024 06:47:16 Europe/Berlin] PHP Notice:  session_start(): Ignoring session_start() because a session is already active in D:\xampp\htdocs\ArgaoChurch\View\PageCitizen\FillFuneralForm.php on line 5
[18-Nov-2024 06:47:45 Europe/Berlin] PHP Deprecated:  Optional parameter $eventType declared before required parameter $regId is implicitly treated as a required parameter in D:\xampp\htdocs\ArgaoChurch\Model\citizen_mod.php on line 410
[18-Nov-2024 06:47:45 Europe/Berlin] PHP Deprecated:  Optional parameter $eventType declared before required parameter $regId is implicitly treated as a required parameter in D:\xampp\htdocs\ArgaoChurch\Model\citizen_mod.php on line 1314
[18-Nov-2024 06:47:45 Europe/Berlin] PHP Deprecated:  Optional parameter $eventType declared before required parameter $regId is implicitly treated as a required parameter in D:\xampp\htdocs\ArgaoChurch\Model\citizen_mod.php on line 1741
[18-Nov-2024 06:47:59 Europe/Berlin] PHP Deprecated:  Optional parameter $eventType declared before required parameter $regId is implicitly treated as a required parameter in D:\xampp\htdocs\ArgaoChurch\Model\citizen_mod.php on line 410
[18-Nov-2024 06:47:59 Europe/Berlin] PHP Deprecated:  Optional parameter $eventType declared before required parameter $regId is implicitly treated as a required parameter in D:\xampp\htdocs\ArgaoChurch\Model\citizen_mod.php on line 1314
[18-Nov-2024 06:47:59 Europe/Berlin] PHP Deprecated:  Optional parameter $eventType declared before required parameter $regId is implicitly treated as a required parameter in D:\xampp\htdocs\ArgaoChurch\Model\citizen_mod.php on line 1741
[18-Nov-2024 06:48:31 Europe/Berlin] PHP Deprecated:  Optional parameter $eventType declared before required parameter $regId is implicitly treated as a required parameter in D:\xampp\htdocs\ArgaoChurch\Model\citizen_mod.php on line 410
[18-Nov-2024 06:48:31 Europe/Berlin] PHP Deprecated:  Optional parameter $eventType declared before required parameter $regId is implicitly treated as a required parameter in D:\xampp\htdocs\ArgaoChurch\Model\citizen_mod.php on line 1314
[18-Nov-2024 06:48:31 Europe/Berlin] PHP Deprecated:  Optional parameter $eventType declared before required parameter $regId is implicitly treated as a required parameter in D:\xampp\htdocs\ArgaoChurch\Model\citizen_mod.php on line 1741
[18-Nov-2024 06:49:04 Europe/Berlin] PHP Warning:  Trying to access array offset on value of type null in D:\xampp\htdocs\ArgaoChurch\View\PageCitizen\MassFillBaptismForm.php on line 43
[18-Nov-2024 06:49:04 Europe/Berlin] PHP Deprecated:  strtotime(): Passing null to parameter #1 ($datetime) of type string is deprecated in D:\xampp\htdocs\ArgaoChurch\View\PageCitizen\MassFillBaptismForm.php on line 44
[18-Nov-2024 06:49:04 Europe/Berlin] PHP Warning:  Trying to access array offset on value of type null in D:\xampp\htdocs\ArgaoChurch\View\PageCitizen\MassFillBaptismForm.php on line 45
[18-Nov-2024 06:49:04 Europe/Berlin] PHP Deprecated:  strtotime(): Passing null to parameter #1 ($datetime) of type string is deprecated in D:\xampp\htdocs\ArgaoChurch\View\PageCitizen\MassFillBaptismForm.php on line 46
[18-Nov-2024 06:49:04 Europe/Berlin] PHP Warning:  Trying to access array offset on value of type null in D:\xampp\htdocs\ArgaoChurch\View\PageCitizen\MassFillBaptismForm.php on line 222
[18-Nov-2024 06:49:04 Europe/Berlin] PHP Deprecated:  htmlspecialchars(): Passing null to parameter #1 ($string) of type string is deprecated in D:\xampp\htdocs\ArgaoChurch\View\PageCitizen\MassFillBaptismForm.php on line 222
[18-Nov-2024 06:49:18 Europe/Berlin] PHP Notice:  session_start(): Ignoring session_start() because a session is already active in D:\xampp\htdocs\ArgaoChurch\View\PageCitizen\RequestFillScheduleForm.php on line 5
[18-Nov-2024 06:50:01 Europe/Berlin] PHP Warning:  Trying to access array offset on value of type null in D:\xampp\htdocs\ArgaoChurch\View\PageCitizen\MassFillBaptismForm.php on line 43
[18-Nov-2024 06:50:01 Europe/Berlin] PHP Deprecated:  strtotime(): Passing null to parameter #1 ($datetime) of type string is deprecated in D:\xampp\htdocs\ArgaoChurch\View\PageCitizen\MassFillBaptismForm.php on line 44
[18-Nov-2024 06:50:01 Europe/Berlin] PHP Warning:  Trying to access array offset on value of type null in D:\xampp\htdocs\ArgaoChurch\View\PageCitizen\MassFillBaptismForm.php on line 45
[18-Nov-2024 06:50:01 Europe/Berlin] PHP Deprecated:  strtotime(): Passing null to parameter #1 ($datetime) of type string is deprecated in D:\xampp\htdocs\ArgaoChurch\View\PageCitizen\MassFillBaptismForm.php on line 46
[18-Nov-2024 06:50:01 Europe/Berlin] PHP Warning:  Trying to access array offset on value of type null in D:\xampp\htdocs\ArgaoChurch\View\PageCitizen\MassFillBaptismForm.php on line 222
[18-Nov-2024 06:50:01 Europe/Berlin] PHP Deprecated:  htmlspecialchars(): Passing null to parameter #1 ($string) of type string is deprecated in D:\xampp\htdocs\ArgaoChurch\View\PageCitizen\MassFillBaptismForm.php on line 222
[18-Nov-2024 07:05:31 Europe/Berlin] PHP Notice:  session_start(): Ignoring session_start() because a session is already active in D:\xampp\htdocs\ArgaoChurch\View\PageCitizen\FillScheduleForm.php on line 5
[18-Nov-2024 07:05:35 Europe/Berlin] PHP Notice:  session_start(): Ignoring session_start() because a session is already active in D:\xampp\htdocs\ArgaoChurch\View\PageCitizen\FillBaptismForm.php on line 5
[18-Nov-2024 06:41:01 Europe/Berlin] PHP Notice:  session_start(): Ignoring session_start() because a session is already active in C:\Xampp\htdocs\ArgaoChurch\View\PageCitizen\FillScheduleForm.php on line 5
[18-Nov-2024 06:44:14 Europe/Berlin] PHP Notice:  session_start(): Ignoring session_start() because a session is already active in C:\Xampp\htdocs\ArgaoChurch\View\PageCitizen\FillBaptismForm.php on line 5
[18-Nov-2024 08:01:21 Europe/Berlin] PHP Notice:  session_start(): Ignoring session_start() because a session is already active in C:\Xampp\htdocs\ArgaoChurch\View\PageCitizen\FillScheduleForm.php on line 5
[18-Nov-2024 08:01:28 Europe/Berlin] PHP Notice:  session_start(): Ignoring session_start() because a session is already active in C:\Xampp\htdocs\ArgaoChurch\View\PageCitizen\FillBaptismForm.php on line 5
[18-Nov-2024 08:09:35 Europe/Berlin] PHP Notice:  session_start(): Ignoring session_start() because a session is already active in C:\Xampp\htdocs\ArgaoChurch\View\PageCitizen\FillScheduleForm.php on line 5
[18-Nov-2024 08:09:45 Europe/Berlin] PHP Notice:  session_start(): Ignoring session_start() because a session is already active in C:\Xampp\htdocs\ArgaoChurch\View\PageCitizen\FillBaptismForm.php on line 5
[18-Nov-2024 08:20:25 Europe/Berlin] PHP Notice:  session_start(): Ignoring session_start() because a session is already active in C:\Xampp\htdocs\ArgaoChurch\View\PageCitizen\FillScheduleForm.php on line 5
[18-Nov-2024 08:20:36 Europe/Berlin] PHP Notice:  session_start(): Ignoring session_start() because a session is already active in C:\Xampp\htdocs\ArgaoChurch\View\PageCitizen\FillBaptismForm.php on line 5
[18-Nov-2024 08:26:05 Europe/Berlin] PHP Notice:  session_start(): Ignoring session_start() because a session is already active in C:\Xampp\htdocs\ArgaoChurch\View\PageCitizen\FillScheduleForm.php on line 5
[18-Nov-2024 08:26:10 Europe/Berlin] PHP Notice:  session_start(): Ignoring session_start() because a session is already active in C:\Xampp\htdocs\ArgaoChurch\View\PageCitizen\FillBaptismForm.php on line 5
[18-Nov-2024 16:12:27 Europe/Berlin] PHP Notice:  session_start(): Ignoring session_start() because a session is already active in C:\Xampp\htdocs\ArgaoChurch\View\PageCitizen\FillScheduleForm.php on line 5
[18-Nov-2024 16:12:39 Europe/Berlin] PHP Notice:  session_start(): Ignoring session_start() because a session is already active in C:\Xampp\htdocs\ArgaoChurch\View\PageCitizen\FillScheduleForm.php on line 5
[18-Nov-2024 16:16:06 Europe/Berlin] PHP Notice:  session_start(): Ignoring session_start() because a session is already active in C:\Xampp\htdocs\ArgaoChurch\View\PageCitizen\FillScheduleForm.php on line 5
[18-Nov-2024 16:18:47 Europe/Berlin] PHP Notice:  session_start(): Ignoring session_start() because a session is already active in C:\Xampp\htdocs\ArgaoChurch\View\PageCitizen\FillScheduleForm.php on line 5
[18-Nov-2024 16:18:51 Europe/Berlin] PHP Notice:  session_start(): Ignoring session_start() because a session is already active in C:\Xampp\htdocs\ArgaoChurch\View\PageCitizen\FillScheduleForm.php on line 5
[18-Nov-2024 16:19:50 Europe/Berlin] PHP Notice:  session_start(): Ignoring session_start() because a session is already active in C:\Xampp\htdocs\ArgaoChurch\View\PageCitizen\FillScheduleForm.php on line 5
[18-Nov-2024 16:19:50 Europe/Berlin] PHP Notice:  session_start(): Ignoring session_start() because a session is already active in C:\Xampp\htdocs\ArgaoChurch\View\PageCitizen\FillScheduleForm.php on line 5
[18-Nov-2024 16:19:54 Europe/Berlin] PHP Notice:  session_start(): Ignoring session_start() because a session is already active in C:\Xampp\htdocs\ArgaoChurch\View\PageCitizen\FillScheduleForm.php on line 5
[18-Nov-2024 16:19:55 Europe/Berlin] PHP Notice:  session_start(): Ignoring session_start() because a session is already active in C:\Xampp\htdocs\ArgaoChurch\View\PageCitizen\FillScheduleForm.php on line 5
[18-Nov-2024 16:20:07 Europe/Berlin] PHP Notice:  session_start(): Ignoring session_start() because a session is already active in C:\Xampp\htdocs\ArgaoChurch\View\PageCitizen\FillScheduleForm.php on line 5
[18-Nov-2024 16:20:08 Europe/Berlin] PHP Notice:  session_start(): Ignoring session_start() because a session is already active in C:\Xampp\htdocs\ArgaoChurch\View\PageCitizen\FillScheduleForm.php on line 5
[18-Nov-2024 16:20:08 Europe/Berlin] PHP Notice:  session_start(): Ignoring session_start() because a session is already active in C:\Xampp\htdocs\ArgaoChurch\View\PageCitizen\FillScheduleForm.php on line 5
[18-Nov-2024 16:20:11 Europe/Berlin] PHP Notice:  session_start(): Ignoring session_start() because a session is already active in C:\Xampp\htdocs\ArgaoChurch\View\PageCitizen\FillScheduleForm.php on line 5
[18-Nov-2024 16:20:17 Europe/Berlin] PHP Notice:  session_start(): Ignoring session_start() because a session is already active in C:\Xampp\htdocs\ArgaoChurch\View\PageCitizen\FillScheduleForm.php on line 5
[18-Nov-2024 16:20:22 Europe/Berlin] PHP Notice:  session_start(): Ignoring session_start() because a session is already active in C:\Xampp\htdocs\ArgaoChurch\View\PageCitizen\FillScheduleForm.php on line 5
[18-Nov-2024 16:24:06 Europe/Berlin] PHP Notice:  session_start(): Ignoring session_start() because a session is already active in C:\Xampp\htdocs\ArgaoChurch\View\PageCitizen\FillScheduleForm.php on line 5
[18-Nov-2024 16:24:07 Europe/Berlin] PHP Notice:  session_start(): Ignoring session_start() because a session is already active in C:\Xampp\htdocs\ArgaoChurch\View\PageCitizen\FillScheduleForm.php on line 5
[18-Nov-2024 16:24:07 Europe/Berlin] PHP Notice:  session_start(): Ignoring session_start() because a session is already active in C:\Xampp\htdocs\ArgaoChurch\View\PageCitizen\FillScheduleForm.php on line 5
[18-Nov-2024 16:24:08 Europe/Berlin] PHP Notice:  session_start(): Ignoring session_start() because a session is already active in C:\Xampp\htdocs\ArgaoChurch\View\PageCitizen\FillScheduleForm.php on line 5
[18-Nov-2024 16:25:46 Europe/Berlin] PHP Notice:  session_start(): Ignoring session_start() because a session is already active in C:\Xampp\htdocs\ArgaoChurch\View\PageCitizen\FillScheduleForm.php on line 5
[18-Nov-2024 16:25:57 Europe/Berlin] PHP Notice:  session_start(): Ignoring session_start() because a session is already active in C:\Xampp\htdocs\ArgaoChurch\View\PageCitizen\FillScheduleForm.php on line 5
[18-Nov-2024 16:25:58 Europe/Berlin] PHP Notice:  session_start(): Ignoring session_start() because a session is already active in C:\Xampp\htdocs\ArgaoChurch\View\PageCitizen\FillScheduleForm.php on line 5
[18-Nov-2024 16:26:02 Europe/Berlin] PHP Notice:  session_start(): Ignoring session_start() because a session is already active in C:\Xampp\htdocs\ArgaoChurch\View\PageCitizen\FillScheduleForm.php on line 5
[18-Nov-2024 16:26:08 Europe/Berlin] PHP Notice:  session_start(): Ignoring session_start() because a session is already active in C:\Xampp\htdocs\ArgaoChurch\View\PageCitizen\FillScheduleForm.php on line 5
[18-Nov-2024 16:26:20 Europe/Berlin] PHP Notice:  session_start(): Ignoring session_start() because a session is already active in C:\Xampp\htdocs\ArgaoChurch\View\PageCitizen\FillScheduleForm.php on line 5
[18-Nov-2024 16:27:49 Europe/Berlin] PHP Notice:  session_start(): Ignoring session_start() because a session is already active in C:\Xampp\htdocs\ArgaoChurch\View\PageCitizen\FillScheduleForm.php on line 5
[18-Nov-2024 16:30:23 Europe/Berlin] PHP Notice:  session_start(): Ignoring session_start() because a session is already active in C:\Xampp\htdocs\ArgaoChurch\View\PageCitizen\FillScheduleForm.php on line 5
[18-Nov-2024 16:30:25 Europe/Berlin] PHP Notice:  session_start(): Ignoring session_start() because a session is already active in C:\Xampp\htdocs\ArgaoChurch\View\PageCitizen\FillScheduleForm.php on line 5
[18-Nov-2024 16:32:43 Europe/Berlin] PHP Notice:  session_start(): Ignoring session_start() because a session is already active in C:\Xampp\htdocs\ArgaoChurch\View\PageCitizen\FillScheduleForm.php on line 5
[18-Nov-2024 16:33:00 Europe/Berlin] PHP Notice:  session_start(): Ignoring session_start() because a session is already active in C:\Xampp\htdocs\ArgaoChurch\View\PageCitizen\FillScheduleForm.php on line 5
[18-Nov-2024 16:33:06 Europe/Berlin] PHP Notice:  session_start(): Ignoring session_start() because a session is already active in C:\Xampp\htdocs\ArgaoChurch\View\PageCitizen\FillScheduleForm.php on line 5
[18-Nov-2024 16:33:10 Europe/Berlin] PHP Notice:  session_start(): Ignoring session_start() because a session is already active in C:\Xampp\htdocs\ArgaoChurch\View\PageCitizen\FillScheduleForm.php on line 5
[18-Nov-2024 16:33:25 Europe/Berlin] PHP Notice:  session_start(): Ignoring session_start() because a session is already active in C:\Xampp\htdocs\ArgaoChurch\View\PageCitizen\FillBaptismForm.php on line 5
[18-Nov-2024 16:34:08 Europe/Berlin] PHP Notice:  session_start(): Ignoring session_start() because a session is already active in C:\Xampp\htdocs\ArgaoChurch\View\PageCitizen\FillScheduleForm.php on line 5
[18-Nov-2024 16:34:15 Europe/Berlin] PHP Notice:  session_start(): Ignoring session_start() because a session is already active in C:\Xampp\htdocs\ArgaoChurch\View\PageCitizen\FillScheduleForm.php on line 5
[18-Nov-2024 16:34:26 Europe/Berlin] PHP Notice:  session_start(): Ignoring session_start() because a session is already active in C:\Xampp\htdocs\ArgaoChurch\View\PageCitizen\FillScheduleForm.php on line 5
[18-Nov-2024 16:34:32 Europe/Berlin] PHP Deprecated:  Required parameter $regId follows optional parameter $eventType in C:\Xampp\htdocs\ArgaoChurch\Model\citizen_mod.php on line 410
[18-Nov-2024 16:34:32 Europe/Berlin] PHP Deprecated:  Required parameter $regId follows optional parameter $eventType in C:\Xampp\htdocs\ArgaoChurch\Model\citizen_mod.php on line 1314
[18-Nov-2024 16:34:32 Europe/Berlin] PHP Deprecated:  Required parameter $regId follows optional parameter $eventType in C:\Xampp\htdocs\ArgaoChurch\Model\citizen_mod.php on line 1741
[18-Nov-2024 16:34:35 Europe/Berlin] PHP Notice:  session_start(): Ignoring session_start() because a session is already active in C:\Xampp\htdocs\ArgaoChurch\View\PageCitizen\FillScheduleForm.php on line 5
[18-Nov-2024 16:34:38 Europe/Berlin] PHP Notice:  session_start(): Ignoring session_start() because a session is already active in C:\Xampp\htdocs\ArgaoChurch\View\PageCitizen\FillScheduleForm.php on line 5
[18-Nov-2024 16:34:41 Europe/Berlin] PHP Deprecated:  Required parameter $regId follows optional parameter $eventType in C:\Xampp\htdocs\ArgaoChurch\Model\citizen_mod.php on line 410
[18-Nov-2024 16:34:41 Europe/Berlin] PHP Deprecated:  Required parameter $regId follows optional parameter $eventType in C:\Xampp\htdocs\ArgaoChurch\Model\citizen_mod.php on line 1314
[18-Nov-2024 16:34:41 Europe/Berlin] PHP Deprecated:  Required parameter $regId follows optional parameter $eventType in C:\Xampp\htdocs\ArgaoChurch\Model\citizen_mod.php on line 1741
[18-Nov-2024 16:34:42 Europe/Berlin] PHP Notice:  session_start(): Ignoring session_start() because a session is already active in C:\Xampp\htdocs\ArgaoChurch\View\PageCitizen\FillScheduleForm.php on line 5
[19-Nov-2024 04:24:44 Europe/Berlin] PHP Notice:  session_start(): Ignoring session_start() because a session is already active in C:\Xampp\htdocs\ArgaoChurch\View\PageCitizen\FillScheduleForm.php on line 5
[19-Nov-2024 04:26:05 Europe/Berlin] PHP Notice:  session_start(): Ignoring session_start() because a session is already active in C:\Xampp\htdocs\ArgaoChurch\View\PageCitizen\FillBaptismForm.php on line 5
[19-Nov-2024 04:32:44 Europe/Berlin] PHP Notice:  session_start(): Ignoring session_start() because a session is already active in C:\Xampp\htdocs\ArgaoChurch\View\PageCitizen\FillScheduleForm.php on line 5
[19-Nov-2024 04:32:48 Europe/Berlin] PHP Notice:  session_start(): Ignoring session_start() because a session is already active in C:\Xampp\htdocs\ArgaoChurch\View\PageCitizen\FillConfirmationForm.php on line 5
[19-Nov-2024 04:40:29 Europe/Berlin] PHP Notice:  session_start(): Ignoring session_start() because a session is already active in C:\Xampp\htdocs\ArgaoChurch\View\PageCitizen\FillScheduleForm.php on line 5
[19-Nov-2024 04:40:32 Europe/Berlin] PHP Notice:  session_start(): Ignoring session_start() because a session is already active in C:\Xampp\htdocs\ArgaoChurch\View\PageCitizen\FillBaptismForm.php on line 5
[19-Nov-2024 04:42:48 Europe/Berlin] PHP Notice:  session_start(): Ignoring session_start() because a session is already active in C:\Xampp\htdocs\ArgaoChurch\View\PageCitizen\FillScheduleForm.php on line 5
[19-Nov-2024 04:42:51 Europe/Berlin] PHP Notice:  session_start(): Ignoring session_start() because a session is already active in C:\Xampp\htdocs\ArgaoChurch\View\PageCitizen\FillBaptismForm.php on line 5
[19-Nov-2024 04:45:03 Europe/Berlin] PHP Notice:  session_start(): Ignoring session_start() because a session is already active in C:\Xampp\htdocs\ArgaoChurch\View\PageCitizen\FillScheduleForm.php on line 5
[19-Nov-2024 04:45:06 Europe/Berlin] PHP Notice:  session_start(): Ignoring session_start() because a session is already active in C:\Xampp\htdocs\ArgaoChurch\View\PageCitizen\FillBaptismForm.php on line 5
[19-Nov-2024 04:46:46 Europe/Berlin] PHP Notice:  session_start(): Ignoring session_start() because a session is already active in C:\Xampp\htdocs\ArgaoChurch\View\PageCitizen\FillScheduleForm.php on line 5
[19-Nov-2024 04:46:52 Europe/Berlin] PHP Notice:  session_start(): Ignoring session_start() because a session is already active in C:\Xampp\htdocs\ArgaoChurch\View\PageCitizen\FillBaptismForm.php on line 5
[19-Nov-2024 05:01:29 Europe/Berlin] PHP Notice:  session_start(): Ignoring session_start() because a session is already active in C:\Xampp\htdocs\ArgaoChurch\View\PageCitizen\FillScheduleForm.php on line 5
[19-Nov-2024 05:25:01 Europe/Berlin] PHP Notice:  session_start(): Ignoring session_start() because a session is already active in C:\Xampp\htdocs\ArgaoChurch\View\PageCitizen\FillScheduleForm.php on line 5
[19-Nov-2024 05:25:19 Europe/Berlin] PHP Notice:  session_start(): Ignoring session_start() because a session is already active in C:\Xampp\htdocs\ArgaoChurch\View\PageCitizen\FillFuneralForm.php on line 5
[19-Nov-2024 05:29:36 Europe/Berlin] PHP Notice:  session_start(): Ignoring session_start() because a session is already active in C:\Xampp\htdocs\ArgaoChurch\View\PageCitizen\FillScheduleForm.php on line 5
[19-Nov-2024 05:29:40 Europe/Berlin] PHP Notice:  session_start(): Ignoring session_start() because a session is already active in C:\Xampp\htdocs\ArgaoChurch\View\PageCitizen\FillBaptismForm.php on line 5
[19-Nov-2024 05:33:40 Europe/Berlin] PHP Notice:  session_start(): Ignoring session_start() because a session is already active in C:\Xampp\htdocs\ArgaoChurch\View\PageCitizen\FillScheduleForm.php on line 5
[19-Nov-2024 05:33:44 Europe/Berlin] PHP Notice:  session_start(): Ignoring session_start() because a session is already active in C:\Xampp\htdocs\ArgaoChurch\View\PageCitizen\FillConfirmationForm.php on line 5
[19-Nov-2024 05:34:24 Europe/Berlin] PHP Notice:  session_start(): Ignoring session_start() because a session is already active in C:\Xampp\htdocs\ArgaoChurch\View\PageCitizen\FillScheduleForm.php on line 5
[19-Nov-2024 05:50:43 Europe/Berlin] PHP Notice:  session_start(): Ignoring session_start() because a session is already active in C:\Xampp\htdocs\ArgaoChurch\View\PageCitizen\FillScheduleForm.php on line 5
[19-Nov-2024 05:50:49 Europe/Berlin] PHP Deprecated:  Required parameter $regId follows optional parameter $eventType in C:\Xampp\htdocs\ArgaoChurch\Model\citizen_mod.php on line 410
[19-Nov-2024 05:50:49 Europe/Berlin] PHP Deprecated:  Required parameter $regId follows optional parameter $eventType in C:\Xampp\htdocs\ArgaoChurch\Model\citizen_mod.php on line 1314
[19-Nov-2024 05:50:49 Europe/Berlin] PHP Deprecated:  Required parameter $regId follows optional parameter $eventType in C:\Xampp\htdocs\ArgaoChurch\Model\citizen_mod.php on line 1741
[19-Nov-2024 05:50:51 Europe/Berlin] PHP Notice:  session_start(): Ignoring session_start() because a session is already active in C:\Xampp\htdocs\ArgaoChurch\View\PageCitizen\FillScheduleForm.php on line 5
[19-Nov-2024 05:50:53 Europe/Berlin] PHP Notice:  session_start(): Ignoring session_start() because a session is already active in C:\Xampp\htdocs\ArgaoChurch\View\PageCitizen\FillScheduleForm.php on line 5
[19-Nov-2024 05:58:54 Europe/Berlin] PHP Notice:  session_start(): Ignoring session_start() because a session is already active in C:\Xampp\htdocs\ArgaoChurch\View\PageCitizen\FillScheduleForm.php on line 5
[19-Nov-2024 06:01:14 Europe/Berlin] PHP Notice:  session_start(): Ignoring session_start() because a session is already active in C:\Xampp\htdocs\ArgaoChurch\View\PageCitizen\FillScheduleForm.php on line 5
[19-Nov-2024 06:01:21 Europe/Berlin] PHP Notice:  session_start(): Ignoring session_start() because a session is already active in C:\Xampp\htdocs\ArgaoChurch\View\PageCitizen\FillBaptismForm.php on line 5
[19-Nov-2024 06:01:22 Europe/Berlin] PHP Notice:  session_start(): Ignoring session_start() because a session is already active in C:\Xampp\htdocs\ArgaoChurch\View\PageCitizen\FillScheduleForm.php on line 5
[19-Nov-2024 06:12:34 Europe/Berlin] PHP Notice:  session_start(): Ignoring session_start() because a session is already active in C:\Xampp\htdocs\ArgaoChurch\View\PageCitizen\FillScheduleForm.php on line 5
[19-Nov-2024 06:13:21 Europe/Berlin] PHP Notice:  session_start(): Ignoring session_start() because a session is already active in C:\Xampp\htdocs\ArgaoChurch\View\PageCitizen\FillScheduleForm.php on line 5
[19-Nov-2024 06:13:28 Europe/Berlin] PHP Notice:  session_start(): Ignoring session_start() because a session is already active in C:\Xampp\htdocs\ArgaoChurch\View\PageCitizen\FillScheduleForm.php on line 5
[19-Nov-2024 06:14:08 Europe/Berlin] PHP Notice:  session_start(): Ignoring session_start() because a session is already active in C:\Xampp\htdocs\ArgaoChurch\View\PageCitizen\FillScheduleForm.php on line 5
[19-Nov-2024 06:14:15 Europe/Berlin] PHP Notice:  session_start(): Ignoring session_start() because a session is already active in C:\Xampp\htdocs\ArgaoChurch\View\PageCitizen\FillScheduleForm.php on line 5
[19-Nov-2024 06:14:24 Europe/Berlin] PHP Notice:  session_start(): Ignoring session_start() because a session is already active in C:\Xampp\htdocs\ArgaoChurch\View\PageCitizen\FillScheduleForm.php on line 5
[19-Nov-2024 06:14:31 Europe/Berlin] PHP Notice:  session_start(): Ignoring session_start() because a session is already active in C:\Xampp\htdocs\ArgaoChurch\View\PageCitizen\FillScheduleForm.php on line 5
[19-Nov-2024 06:30:18 Europe/Berlin] PHP Deprecated:  Required parameter $regId follows optional parameter $eventType in C:\Xampp\htdocs\ArgaoChurch\Model\citizen_mod.php on line 410
[19-Nov-2024 06:30:18 Europe/Berlin] PHP Deprecated:  Required parameter $regId follows optional parameter $eventType in C:\Xampp\htdocs\ArgaoChurch\Model\citizen_mod.php on line 1314
[19-Nov-2024 06:30:18 Europe/Berlin] PHP Deprecated:  Required parameter $regId follows optional parameter $eventType in C:\Xampp\htdocs\ArgaoChurch\Model\citizen_mod.php on line 1741
[19-Nov-2024 06:31:11 Europe/Berlin] PHP Notice:  session_start(): Ignoring session_start() because a session is already active in C:\Xampp\htdocs\ArgaoChurch\View\PageCitizen\FillScheduleForm.php on line 5
[19-Nov-2024 06:31:14 Europe/Berlin] PHP Deprecated:  Required parameter $regId follows optional parameter $eventType in C:\Xampp\htdocs\ArgaoChurch\Model\citizen_mod.php on line 410
[19-Nov-2024 06:31:14 Europe/Berlin] PHP Deprecated:  Required parameter $regId follows optional parameter $eventType in C:\Xampp\htdocs\ArgaoChurch\Model\citizen_mod.php on line 1314
[19-Nov-2024 06:31:14 Europe/Berlin] PHP Deprecated:  Required parameter $regId follows optional parameter $eventType in C:\Xampp\htdocs\ArgaoChurch\Model\citizen_mod.php on line 1741
[19-Nov-2024 06:42:29 Europe/Berlin] PHP Deprecated:  Required parameter $regId follows optional parameter $eventType in C:\Xampp\htdocs\ArgaoChurch\Model\citizen_mod.php on line 410
[19-Nov-2024 06:42:29 Europe/Berlin] PHP Deprecated:  Required parameter $regId follows optional parameter $eventType in C:\Xampp\htdocs\ArgaoChurch\Model\citizen_mod.php on line 1314
[19-Nov-2024 06:42:29 Europe/Berlin] PHP Deprecated:  Required parameter $regId follows optional parameter $eventType in C:\Xampp\htdocs\ArgaoChurch\Model\citizen_mod.php on line 1741
[19-Nov-2024 06:43:32 Europe/Berlin] PHP Deprecated:  Required parameter $regId follows optional parameter $eventType in C:\Xampp\htdocs\ArgaoChurch\Model\citizen_mod.php on line 410
[19-Nov-2024 06:43:32 Europe/Berlin] PHP Deprecated:  Required parameter $regId follows optional parameter $eventType in C:\Xampp\htdocs\ArgaoChurch\Model\citizen_mod.php on line 1314
[19-Nov-2024 06:43:32 Europe/Berlin] PHP Deprecated:  Required parameter $regId follows optional parameter $eventType in C:\Xampp\htdocs\ArgaoChurch\Model\citizen_mod.php on line 1741
[19-Nov-2024 09:11:15 Europe/Berlin] PHP Notice:  session_start(): Ignoring session_start() because a session is already active in C:\Xampp\htdocs\ArgaoChurch\View\PageCitizen\FillScheduleForm.php on line 5
[19-Nov-2024 09:11:52 Europe/Berlin] PHP Notice:  session_start(): Ignoring session_start() because a session is already active in C:\Xampp\htdocs\ArgaoChurch\View\PageCitizen\FillScheduleForm.php on line 5
[19-Nov-2024 09:12:47 Europe/Berlin] PHP Notice:  session_start(): Ignoring session_start() because a session is already active in C:\Xampp\htdocs\ArgaoChurch\View\PageCitizen\FillBaptismForm.php on line 5
[19-Nov-2024 13:02:06 Europe/Berlin] PHP Notice:  session_start(): Ignoring session_start() because a session is already active in C:\Xampp\htdocs\ArgaoChurch\View\PageCitizen\FillScheduleForm.php on line 5
[19-Nov-2024 13:02:10 Europe/Berlin] PHP Notice:  session_start(): Ignoring session_start() because a session is already active in C:\Xampp\htdocs\ArgaoChurch\View\PageCitizen\FillBaptismForm.php on line 5
[19-Nov-2024 13:11:20 Europe/Berlin] PHP Notice:  session_start(): Ignoring session_start() because a session is already active in C:\Xampp\htdocs\ArgaoChurch\View\PageCitizen\FillScheduleForm.php on line 5
[19-Nov-2024 13:11:24 Europe/Berlin] PHP Notice:  session_start(): Ignoring session_start() because a session is already active in C:\Xampp\htdocs\ArgaoChurch\View\PageCitizen\FillBaptismForm.php on line 5
[19-Nov-2024 13:39:47 Europe/Berlin] PHP Notice:  session_start(): Ignoring session_start() because a session is already active in C:\Xampp\htdocs\ArgaoChurch\View\PageCitizen\FillBaptismForm.php on line 5
[19-Nov-2024 13:39:47 Europe/Berlin] PHP Notice:  session_start(): Ignoring session_start() because a session is already active in C:\Xampp\htdocs\ArgaoChurch\View\PageCitizen\FillScheduleForm.php on line 5
[19-Nov-2024 13:39:48 Europe/Berlin] PHP Notice:  session_start(): Ignoring session_start() because a session is already active in C:\Xampp\htdocs\ArgaoChurch\View\PageCitizen\FillBaptismForm.php on line 5
[19-Nov-2024 13:52:11 Europe/Berlin] PHP Notice:  session_start(): Ignoring session_start() because a session is already active in C:\Xampp\htdocs\ArgaoChurch\View\PageCitizen\FillBaptismForm.php on line 5
[19-Nov-2024 14:44:55 Europe/Berlin] PHP Deprecated:  Required parameter $regId follows optional parameter $eventType in C:\Xampp\htdocs\ArgaoChurch\Model\citizen_mod.php on line 413
[19-Nov-2024 14:44:55 Europe/Berlin] PHP Deprecated:  Required parameter $regId follows optional parameter $eventType in C:\Xampp\htdocs\ArgaoChurch\Model\citizen_mod.php on line 1349
[19-Nov-2024 14:44:55 Europe/Berlin] PHP Deprecated:  Required parameter $regId follows optional parameter $eventType in C:\Xampp\htdocs\ArgaoChurch\Model\citizen_mod.php on line 1838
[19-Nov-2024 14:59:19 Europe/Berlin] PHP Notice:  session_start(): Ignoring session_start() because a session is already active in C:\Xampp\htdocs\ArgaoChurch\View\PageCitizen\FillScheduleForm.php on line 5
[19-Nov-2024 14:59:24 Europe/Berlin] PHP Deprecated:  Required parameter $regId follows optional parameter $eventType in C:\Xampp\htdocs\ArgaoChurch\Model\citizen_mod.php on line 413
[19-Nov-2024 14:59:24 Europe/Berlin] PHP Deprecated:  Required parameter $regId follows optional parameter $eventType in C:\Xampp\htdocs\ArgaoChurch\Model\citizen_mod.php on line 1349
[19-Nov-2024 14:59:24 Europe/Berlin] PHP Deprecated:  Required parameter $regId follows optional parameter $eventType in C:\Xampp\htdocs\ArgaoChurch\Model\citizen_mod.php on line 1838
[19-Nov-2024 15:01:52 Europe/Berlin] PHP Notice:  session_start(): Ignoring session_start() because a session is already active in C:\Xampp\htdocs\ArgaoChurch\View\PageCitizen\FillScheduleForm.php on line 5
[19-Nov-2024 15:02:01 Europe/Berlin] PHP Deprecated:  Required parameter $regId follows optional parameter $eventType in C:\Xampp\htdocs\ArgaoChurch\Model\citizen_mod.php on line 413
[19-Nov-2024 15:02:01 Europe/Berlin] PHP Deprecated:  Required parameter $regId follows optional parameter $eventType in C:\Xampp\htdocs\ArgaoChurch\Model\citizen_mod.php on line 1349
[19-Nov-2024 15:02:01 Europe/Berlin] PHP Deprecated:  Required parameter $regId follows optional parameter $eventType in C:\Xampp\htdocs\ArgaoChurch\Model\citizen_mod.php on line 1838
[19-Nov-2024 15:08:59 Europe/Berlin] PHP Notice:  session_start(): Ignoring session_start() because a session is already active in C:\Xampp\htdocs\ArgaoChurch\View\PageCitizen\FillScheduleForm.php on line 5
[19-Nov-2024 15:09:03 Europe/Berlin] PHP Deprecated:  Required parameter $regId follows optional parameter $eventType in C:\Xampp\htdocs\ArgaoChurch\Model\citizen_mod.php on line 413
[19-Nov-2024 15:09:03 Europe/Berlin] PHP Deprecated:  Required parameter $regId follows optional parameter $eventType in C:\Xampp\htdocs\ArgaoChurch\Model\citizen_mod.php on line 1349
[19-Nov-2024 15:09:03 Europe/Berlin] PHP Deprecated:  Required parameter $regId follows optional parameter $eventType in C:\Xampp\htdocs\ArgaoChurch\Model\citizen_mod.php on line 1838
[19-Nov-2024 15:14:42 Europe/Berlin] PHP Notice:  session_start(): Ignoring session_start() because a session is already active in C:\Xampp\htdocs\ArgaoChurch\View\PageCitizen\FillScheduleForm.php on line 5
[19-Nov-2024 15:14:47 Europe/Berlin] PHP Deprecated:  Required parameter $regId follows optional parameter $eventType in C:\Xampp\htdocs\ArgaoChurch\Model\citizen_mod.php on line 413
[19-Nov-2024 15:14:47 Europe/Berlin] PHP Deprecated:  Required parameter $regId follows optional parameter $eventType in C:\Xampp\htdocs\ArgaoChurch\Model\citizen_mod.php on line 1349
[19-Nov-2024 15:14:47 Europe/Berlin] PHP Deprecated:  Required parameter $regId follows optional parameter $eventType in C:\Xampp\htdocs\ArgaoChurch\Model\citizen_mod.php on line 1838
[19-Nov-2024 15:23:16 Europe/Berlin] PHP Notice:  session_start(): Ignoring session_start() because a session is already active in C:\Xampp\htdocs\ArgaoChurch\View\PageCitizen\FillScheduleForm.php on line 5
[19-Nov-2024 15:23:21 Europe/Berlin] PHP Deprecated:  Required parameter $regId follows optional parameter $eventType in C:\Xampp\htdocs\ArgaoChurch\Model\citizen_mod.php on line 413
[19-Nov-2024 15:23:21 Europe/Berlin] PHP Deprecated:  Required parameter $regId follows optional parameter $eventType in C:\Xampp\htdocs\ArgaoChurch\Model\citizen_mod.php on line 1349
[19-Nov-2024 15:23:21 Europe/Berlin] PHP Deprecated:  Required parameter $regId follows optional parameter $eventType in C:\Xampp\htdocs\ArgaoChurch\Model\citizen_mod.php on line 1838
[19-Nov-2024 15:24:28 Europe/Berlin] PHP Notice:  session_start(): Ignoring session_start() because a session is already active in C:\Xampp\htdocs\ArgaoChurch\View\PageCitizen\FillScheduleForm.php on line 5
[19-Nov-2024 15:24:31 Europe/Berlin] PHP Deprecated:  Required parameter $regId follows optional parameter $eventType in C:\Xampp\htdocs\ArgaoChurch\Model\citizen_mod.php on line 413
[19-Nov-2024 15:24:31 Europe/Berlin] PHP Deprecated:  Required parameter $regId follows optional parameter $eventType in C:\Xampp\htdocs\ArgaoChurch\Model\citizen_mod.php on line 1349
[19-Nov-2024 15:24:31 Europe/Berlin] PHP Deprecated:  Required parameter $regId follows optional parameter $eventType in C:\Xampp\htdocs\ArgaoChurch\Model\citizen_mod.php on line 1838
[19-Nov-2024 15:26:15 Europe/Berlin] PHP Notice:  session_start(): Ignoring session_start() because a session is already active in C:\Xampp\htdocs\ArgaoChurch\View\PageCitizen\FillScheduleForm.php on line 5
[19-Nov-2024 15:26:20 Europe/Berlin] PHP Deprecated:  Required parameter $regId follows optional parameter $eventType in C:\Xampp\htdocs\ArgaoChurch\Model\citizen_mod.php on line 413
[19-Nov-2024 15:26:20 Europe/Berlin] PHP Deprecated:  Required parameter $regId follows optional parameter $eventType in C:\Xampp\htdocs\ArgaoChurch\Model\citizen_mod.php on line 1349
[19-Nov-2024 15:26:20 Europe/Berlin] PHP Deprecated:  Required parameter $regId follows optional parameter $eventType in C:\Xampp\htdocs\ArgaoChurch\Model\citizen_mod.php on line 1838
[19-Nov-2024 15:26:26 Europe/Berlin] PHP Notice:  session_start(): Ignoring session_start() because a session is already active in C:\Xampp\htdocs\ArgaoChurch\View\PageCitizen\FillScheduleForm.php on line 5
[19-Nov-2024 15:26:31 Europe/Berlin] PHP Notice:  session_start(): Ignoring session_start() because a session is already active in C:\Xampp\htdocs\ArgaoChurch\View\PageCitizen\FillScheduleForm.php on line 5
[19-Nov-2024 15:26:35 Europe/Berlin] PHP Deprecated:  Required parameter $regId follows optional parameter $eventType in C:\Xampp\htdocs\ArgaoChurch\Model\citizen_mod.php on line 413
[19-Nov-2024 15:26:35 Europe/Berlin] PHP Deprecated:  Required parameter $regId follows optional parameter $eventType in C:\Xampp\htdocs\ArgaoChurch\Model\citizen_mod.php on line 1349
[19-Nov-2024 15:26:35 Europe/Berlin] PHP Deprecated:  Required parameter $regId follows optional parameter $eventType in C:\Xampp\htdocs\ArgaoChurch\Model\citizen_mod.php on line 1838
[19-Nov-2024 15:26:52 Europe/Berlin] PHP Notice:  session_start(): Ignoring session_start() because a session is already active in C:\Xampp\htdocs\ArgaoChurch\View\PageCitizen\FillScheduleForm.php on line 5
[19-Nov-2024 15:26:57 Europe/Berlin] PHP Notice:  session_start(): Ignoring session_start() because a session is already active in C:\Xampp\htdocs\ArgaoChurch\View\PageCitizen\FillScheduleForm.php on line 5
[19-Nov-2024 15:27:00 Europe/Berlin] PHP Deprecated:  Required parameter $regId follows optional parameter $eventType in C:\Xampp\htdocs\ArgaoChurch\Model\citizen_mod.php on line 413
[19-Nov-2024 15:27:00 Europe/Berlin] PHP Deprecated:  Required parameter $regId follows optional parameter $eventType in C:\Xampp\htdocs\ArgaoChurch\Model\citizen_mod.php on line 1349
[19-Nov-2024 15:27:00 Europe/Berlin] PHP Deprecated:  Required parameter $regId follows optional parameter $eventType in C:\Xampp\htdocs\ArgaoChurch\Model\citizen_mod.php on line 1838
[19-Nov-2024 15:27:03 Europe/Berlin] PHP Notice:  session_start(): Ignoring session_start() because a session is already active in C:\Xampp\htdocs\ArgaoChurch\View\PageCitizen\FillScheduleForm.php on line 5
[19-Nov-2024 15:32:01 Europe/Berlin] PHP Notice:  session_start(): Ignoring session_start() because a session is already active in C:\Xampp\htdocs\ArgaoChurch\View\PageCitizen\FillRequestSchedule.php on line 5
[19-Nov-2024 15:32:05 Europe/Berlin] PHP Deprecated:  Required parameter $regId follows optional parameter $eventType in C:\Xampp\htdocs\ArgaoChurch\Model\citizen_mod.php on line 413
[19-Nov-2024 15:32:05 Europe/Berlin] PHP Deprecated:  Required parameter $regId follows optional parameter $eventType in C:\Xampp\htdocs\ArgaoChurch\Model\citizen_mod.php on line 1349
[19-Nov-2024 15:32:05 Europe/Berlin] PHP Deprecated:  Required parameter $regId follows optional parameter $eventType in C:\Xampp\htdocs\ArgaoChurch\Model\citizen_mod.php on line 1838
[19-Nov-2024 15:38:09 Europe/Berlin] PHP Deprecated:  Required parameter $regId follows optional parameter $eventType in C:\Xampp\htdocs\ArgaoChurch\Model\citizen_mod.php on line 413
[19-Nov-2024 15:38:09 Europe/Berlin] PHP Deprecated:  Required parameter $regId follows optional parameter $eventType in C:\Xampp\htdocs\ArgaoChurch\Model\citizen_mod.php on line 1349
[19-Nov-2024 15:38:09 Europe/Berlin] PHP Deprecated:  Required parameter $regId follows optional parameter $eventType in C:\Xampp\htdocs\ArgaoChurch\Model\citizen_mod.php on line 1838
[19-Nov-2024 15:38:19 Europe/Berlin] PHP Deprecated:  Required parameter $regId follows optional parameter $eventType in C:\Xampp\htdocs\ArgaoChurch\Model\citizen_mod.php on line 413
[19-Nov-2024 15:38:19 Europe/Berlin] PHP Deprecated:  Required parameter $regId follows optional parameter $eventType in C:\Xampp\htdocs\ArgaoChurch\Model\citizen_mod.php on line 1349
[19-Nov-2024 15:38:19 Europe/Berlin] PHP Deprecated:  Required parameter $regId follows optional parameter $eventType in C:\Xampp\htdocs\ArgaoChurch\Model\citizen_mod.php on line 1838
[19-Nov-2024 15:38:31 Europe/Berlin] PHP Deprecated:  Required parameter $regId follows optional parameter $eventType in C:\Xampp\htdocs\ArgaoChurch\Model\citizen_mod.php on line 413
[19-Nov-2024 15:38:31 Europe/Berlin] PHP Deprecated:  Required parameter $regId follows optional parameter $eventType in C:\Xampp\htdocs\ArgaoChurch\Model\citizen_mod.php on line 1349
[19-Nov-2024 15:38:31 Europe/Berlin] PHP Deprecated:  Required parameter $regId follows optional parameter $eventType in C:\Xampp\htdocs\ArgaoChurch\Model\citizen_mod.php on line 1838
[19-Nov-2024 15:39:17 Europe/Berlin] PHP Deprecated:  Required parameter $regId follows optional parameter $eventType in C:\Xampp\htdocs\ArgaoChurch\Model\citizen_mod.php on line 413
[19-Nov-2024 15:39:17 Europe/Berlin] PHP Deprecated:  Required parameter $regId follows optional parameter $eventType in C:\Xampp\htdocs\ArgaoChurch\Model\citizen_mod.php on line 1349
[19-Nov-2024 15:39:17 Europe/Berlin] PHP Deprecated:  Required parameter $regId follows optional parameter $eventType in C:\Xampp\htdocs\ArgaoChurch\Model\citizen_mod.php on line 1838
[19-Nov-2024 15:47:26 Europe/Berlin] PHP Notice:  session_start(): Ignoring session_start() because a session is already active in C:\Xampp\htdocs\ArgaoChurch\View\PageCitizen\FillScheduleForm.php on line 5
[19-Nov-2024 15:47:30 Europe/Berlin] PHP Notice:  session_start(): Ignoring session_start() because a session is already active in C:\Xampp\htdocs\ArgaoChurch\View\PageCitizen\FillFuneralForm.php on line 5
[19-Nov-2024 15:47:32 Europe/Berlin] PHP Notice:  session_start(): Ignoring session_start() because a session is already active in C:\Xampp\htdocs\ArgaoChurch\View\PageCitizen\FillScheduleForm.php on line 5
[19-Nov-2024 15:47:49 Europe/Berlin] PHP Notice:  session_start(): Ignoring session_start() because a session is already active in C:\Xampp\htdocs\ArgaoChurch\View\PageCitizen\FillScheduleForm.php on line 5
[19-Nov-2024 16:10:32 Europe/Berlin] PHP Notice:  session_start(): Ignoring session_start() because a session is already active in C:\Xampp\htdocs\ArgaoChurch\View\PageCitizen\FillScheduleForm.php on line 5
[19-Nov-2024 16:10:36 Europe/Berlin] PHP Notice:  session_start(): Ignoring session_start() because a session is already active in C:\Xampp\htdocs\ArgaoChurch\View\PageCitizen\FillBaptismForm.php on line 5
[19-Nov-2024 16:12:46 Europe/Berlin] PHP Notice:  session_start(): Ignoring session_start() because a session is already active in C:\Xampp\htdocs\ArgaoChurch\View\PageCitizen\FillScheduleForm.php on line 5
[19-Nov-2024 16:12:50 Europe/Berlin] PHP Deprecated:  Required parameter $regId follows optional parameter $eventType in C:\Xampp\htdocs\ArgaoChurch\Model\citizen_mod.php on line 413
[19-Nov-2024 16:12:50 Europe/Berlin] PHP Deprecated:  Required parameter $regId follows optional parameter $eventType in C:\Xampp\htdocs\ArgaoChurch\Model\citizen_mod.php on line 1349
[19-Nov-2024 16:12:50 Europe/Berlin] PHP Deprecated:  Required parameter $regId follows optional parameter $eventType in C:\Xampp\htdocs\ArgaoChurch\Model\citizen_mod.php on line 1838
[21-Nov-2024 02:30:04 Europe/Berlin] PHP Notice:  session_start(): Ignoring session_start() because a session is already active in C:\xampp\htdocs\Argao\View\PageCitizen\FillScheduleForm.php on line 5
[21-Nov-2024 02:42:51 Europe/Berlin] PHP Notice:  session_start(): Ignoring session_start() because a session is already active in C:\xampp\htdocs\Argao\View\PageCitizen\FillScheduleForm.php on line 5
[21-Nov-2024 02:43:07 Europe/Berlin] PHP Notice:  session_start(): Ignoring session_start() because a session is already active in C:\xampp\htdocs\Argao\View\PageCitizen\FillScheduleForm.php on line 5
[21-Nov-2024 02:43:15 Europe/Berlin] PHP Notice:  session_start(): Ignoring session_start() because a session is already active in C:\xampp\htdocs\Argao\View\PageCitizen\FillScheduleForm.php on line 5
[21-Nov-2024 02:53:55 Europe/Berlin] PHP Notice:  session_start(): Ignoring session_start() because a session is already active in C:\xampp\htdocs\Argao\View\PageCitizen\FillScheduleForm.php on line 5
[21-Nov-2024 02:54:21 Europe/Berlin] PHP Notice:  session_start(): Ignoring session_start() because a session is already active in C:\xampp\htdocs\Argao\View\PageCitizen\FillScheduleForm.php on line 5
[21-Nov-2024 03:20:36 Europe/Berlin] PHP Notice:  session_start(): Ignoring session_start() because a session is already active in C:\xampp\htdocs\Argao\View\PageCitizen\FillScheduleForm.php on line 5
